;  LST file generated by mikroListExporter - v.2.0 
; Date/Time: 10-Jun-14 22:36:42
;----------------------------------------------

;Address Opcode 	ASM
0x0000	0x2B35      	GOTO       821
_Delay_5500us:
;__Lib_Delays.c,31 :: 		void Delay_5500us() {
;__Lib_Delays.c,32 :: 		Delay_us(5500);
0x0003	0x300F      	MOVLW      15
0x0004	0x1283      	BCF        STATUS, 5
0x0005	0x1303      	BCF        STATUS, 6
0x0006	0x00FC      	MOVWF      R12
0x0007	0x3047      	MOVLW      71
0x0008	0x00FD      	MOVWF      R13
L_Delay_5500us5:
0x0009	0x0BFD      	DECFSZ     R13, 1
0x000A	0x2809      	GOTO       L_Delay_5500us5
0x000B	0x0BFC      	DECFSZ     R12, 1
0x000C	0x2809      	GOTO       L_Delay_5500us5
0x000D	0x0000      	NOP
0x000E	0x0000      	NOP
;__Lib_Delays.c,33 :: 		}
L_end_Delay_5500us:
0x000F	0x0008      	RETURN
; end of _Delay_5500us
_Delay_50us:
;__Lib_Delays.c,19 :: 		void Delay_50us() {
;__Lib_Delays.c,20 :: 		Delay_us(50);
0x0010	0x3021      	MOVLW      33
0x0011	0x1283      	BCF        STATUS, 5
0x0012	0x1303      	BCF        STATUS, 6
0x0013	0x00FD      	MOVWF      R13
L_Delay_50us2:
0x0014	0x0BFD      	DECFSZ     R13, 1
0x0015	0x2814      	GOTO       L_Delay_50us2
;__Lib_Delays.c,21 :: 		}
L_end_Delay_50us:
0x0016	0x0008      	RETURN
; end of _Delay_50us
_Delay_1us:
;__Lib_Delays.c,7 :: 		void Delay_1us() {
;__Lib_Delays.c,8 :: 		Delay_us(1);
0x0017	0x0000      	NOP
0x0018	0x0000      	NOP
;__Lib_Delays.c,9 :: 		}
L_end_Delay_1us:
0x0019	0x0008      	RETURN
; end of _Delay_1us
_Lcd_Cmd:
;__Lib_Lcd.c,18 :: 		
;__Lib_Lcd.c,20 :: 		
0x001A	0x1683      	BSF        STATUS, 5
0x001B	0x1303      	BCF        STATUS, 6
0x001C	0x1BA6      	BTFSC      FARG_Lcd_Cmd_out_char, 7
0x001D	0x2821      	GOTO       L__Lcd_Cmd21
0x001E	0x1283      	BCF        STATUS, 5
0x001F	0x1186      	BCF        LCD_D7, BitPos(LCD_D7+0)
0x0020	0x2823      	GOTO       L__Lcd_Cmd22
L__Lcd_Cmd21:
0x0021	0x1283      	BCF        STATUS, 5
0x0022	0x1586      	BSF        LCD_D7, BitPos(LCD_D7+0)
L__Lcd_Cmd22:
;__Lib_Lcd.c,21 :: 		
0x0023	0x1683      	BSF        STATUS, 5
0x0024	0x1B26      	BTFSC      FARG_Lcd_Cmd_out_char, 6
0x0025	0x2829      	GOTO       L__Lcd_Cmd23
0x0026	0x1283      	BCF        STATUS, 5
0x0027	0x1106      	BCF        LCD_D6, BitPos(LCD_D6+0)
0x0028	0x282B      	GOTO       L__Lcd_Cmd24
L__Lcd_Cmd23:
0x0029	0x1283      	BCF        STATUS, 5
0x002A	0x1506      	BSF        LCD_D6, BitPos(LCD_D6+0)
L__Lcd_Cmd24:
;__Lib_Lcd.c,22 :: 		
0x002B	0x1683      	BSF        STATUS, 5
0x002C	0x1AA6      	BTFSC      FARG_Lcd_Cmd_out_char, 5
0x002D	0x2831      	GOTO       L__Lcd_Cmd25
0x002E	0x1283      	BCF        STATUS, 5
0x002F	0x1086      	BCF        LCD_D5, BitPos(LCD_D5+0)
0x0030	0x2833      	GOTO       L__Lcd_Cmd26
L__Lcd_Cmd25:
0x0031	0x1283      	BCF        STATUS, 5
0x0032	0x1486      	BSF        LCD_D5, BitPos(LCD_D5+0)
L__Lcd_Cmd26:
;__Lib_Lcd.c,23 :: 		
0x0033	0x1683      	BSF        STATUS, 5
0x0034	0x1A26      	BTFSC      FARG_Lcd_Cmd_out_char, 4
0x0035	0x2839      	GOTO       L__Lcd_Cmd27
0x0036	0x1283      	BCF        STATUS, 5
0x0037	0x1006      	BCF        LCD_D4, BitPos(LCD_D4+0)
0x0038	0x283B      	GOTO       L__Lcd_Cmd28
L__Lcd_Cmd27:
0x0039	0x1283      	BCF        STATUS, 5
0x003A	0x1406      	BSF        LCD_D4, BitPos(LCD_D4+0)
L__Lcd_Cmd28:
;__Lib_Lcd.c,25 :: 		
0x003B	0x183E      	BTFSC      __Lib_Lcd_cmd_status, BitPos(__Lib_Lcd_cmd_status+0)
0x003C	0x283F      	GOTO       L__Lcd_Cmd29
0x003D	0x1606      	BSF        LCD_RS, BitPos(LCD_RS+0)
0x003E	0x2840      	GOTO       L__Lcd_Cmd30
L__Lcd_Cmd29:
0x003F	0x1206      	BCF        LCD_RS, BitPos(LCD_RS+0)
L__Lcd_Cmd30:
;__Lib_Lcd.c,28 :: 		
0x0040	0x1686      	BSF        LCD_EN, BitPos(LCD_EN+0)
;__Lib_Lcd.c,29 :: 		
0x0041	0x2017      	CALL       _Delay_1us
;__Lib_Lcd.c,30 :: 		
0x0042	0x1286      	BCF        LCD_EN, BitPos(LCD_EN+0)
;__Lib_Lcd.c,33 :: 		
0x0043	0x1683      	BSF        STATUS, 5
0x0044	0x19A6      	BTFSC      FARG_Lcd_Cmd_out_char, 3
0x0045	0x2849      	GOTO       L__Lcd_Cmd31
0x0046	0x1283      	BCF        STATUS, 5
0x0047	0x1186      	BCF        LCD_D7, BitPos(LCD_D7+0)
0x0048	0x284B      	GOTO       L__Lcd_Cmd32
L__Lcd_Cmd31:
0x0049	0x1283      	BCF        STATUS, 5
0x004A	0x1586      	BSF        LCD_D7, BitPos(LCD_D7+0)
L__Lcd_Cmd32:
;__Lib_Lcd.c,34 :: 		
0x004B	0x1683      	BSF        STATUS, 5
0x004C	0x1926      	BTFSC      FARG_Lcd_Cmd_out_char, 2
0x004D	0x2851      	GOTO       L__Lcd_Cmd33
0x004E	0x1283      	BCF        STATUS, 5
0x004F	0x1106      	BCF        LCD_D6, BitPos(LCD_D6+0)
0x0050	0x2853      	GOTO       L__Lcd_Cmd34
L__Lcd_Cmd33:
0x0051	0x1283      	BCF        STATUS, 5
0x0052	0x1506      	BSF        LCD_D6, BitPos(LCD_D6+0)
L__Lcd_Cmd34:
;__Lib_Lcd.c,35 :: 		
0x0053	0x1683      	BSF        STATUS, 5
0x0054	0x18A6      	BTFSC      FARG_Lcd_Cmd_out_char, 1
0x0055	0x2859      	GOTO       L__Lcd_Cmd35
0x0056	0x1283      	BCF        STATUS, 5
0x0057	0x1086      	BCF        LCD_D5, BitPos(LCD_D5+0)
0x0058	0x285B      	GOTO       L__Lcd_Cmd36
L__Lcd_Cmd35:
0x0059	0x1283      	BCF        STATUS, 5
0x005A	0x1486      	BSF        LCD_D5, BitPos(LCD_D5+0)
L__Lcd_Cmd36:
;__Lib_Lcd.c,36 :: 		
0x005B	0x1683      	BSF        STATUS, 5
0x005C	0x1826      	BTFSC      FARG_Lcd_Cmd_out_char, 0
0x005D	0x2861      	GOTO       L__Lcd_Cmd37
0x005E	0x1283      	BCF        STATUS, 5
0x005F	0x1006      	BCF        LCD_D4, BitPos(LCD_D4+0)
0x0060	0x2863      	GOTO       L__Lcd_Cmd38
L__Lcd_Cmd37:
0x0061	0x1283      	BCF        STATUS, 5
0x0062	0x1406      	BSF        LCD_D4, BitPos(LCD_D4+0)
L__Lcd_Cmd38:
;__Lib_Lcd.c,38 :: 		
0x0063	0x183E      	BTFSC      __Lib_Lcd_cmd_status, BitPos(__Lib_Lcd_cmd_status+0)
0x0064	0x2867      	GOTO       L__Lcd_Cmd39
0x0065	0x1606      	BSF        LCD_RS, BitPos(LCD_RS+0)
0x0066	0x2868      	GOTO       L__Lcd_Cmd40
L__Lcd_Cmd39:
0x0067	0x1206      	BCF        LCD_RS, BitPos(LCD_RS+0)
L__Lcd_Cmd40:
;__Lib_Lcd.c,40 :: 		
0x0068	0x1686      	BSF        LCD_EN, BitPos(LCD_EN+0)
;__Lib_Lcd.c,41 :: 		
0x0069	0x2017      	CALL       _Delay_1us
;__Lib_Lcd.c,42 :: 		
0x006A	0x1286      	BCF        LCD_EN, BitPos(LCD_EN+0)
;__Lib_Lcd.c,44 :: 		
0x006B	0x1C3E      	BTFSS      __Lib_Lcd_cmd_status, BitPos(__Lib_Lcd_cmd_status+0)
0x006C	0x286F      	GOTO       L_Lcd_Cmd0
;__Lib_Lcd.c,45 :: 		
0x006D	0x2003      	CALL       _Delay_5500us
0x006E	0x2870      	GOTO       L_Lcd_Cmd1
L_Lcd_Cmd0:
;__Lib_Lcd.c,47 :: 		
0x006F	0x2010      	CALL       _Delay_50us
L_Lcd_Cmd1:
;__Lib_Lcd.c,48 :: 		
L_end_Lcd_Cmd:
0x0070	0x0008      	RETURN
; end of _Lcd_Cmd
_Lcd_Chr:
;__Lib_Lcd.c,65 :: 		
;__Lib_Lcd.c,66 :: 		
0x0071	0x2883      	GOTO       L_Lcd_Chr4
;__Lib_Lcd.c,67 :: 		
L_Lcd_Chr6:
0x0072	0x3080      	MOVLW      128
0x0073	0x1683      	BSF        STATUS, 5
0x0074	0x1303      	BCF        STATUS, 6
0x0075	0x00A3      	MOVWF      FARG_Lcd_Chr_row
0x0076	0x2896      	GOTO       L_Lcd_Chr5
;__Lib_Lcd.c,68 :: 		
L_Lcd_Chr7:
0x0077	0x30C0      	MOVLW      192
0x0078	0x00A3      	MOVWF      FARG_Lcd_Chr_row
0x0079	0x2896      	GOTO       L_Lcd_Chr5
;__Lib_Lcd.c,69 :: 		
L_Lcd_Chr8:
0x007A	0x3094      	MOVLW      148
0x007B	0x00A3      	MOVWF      FARG_Lcd_Chr_row
0x007C	0x2896      	GOTO       L_Lcd_Chr5
;__Lib_Lcd.c,70 :: 		
L_Lcd_Chr9:
0x007D	0x30D4      	MOVLW      212
0x007E	0x00A3      	MOVWF      FARG_Lcd_Chr_row
0x007F	0x2896      	GOTO       L_Lcd_Chr5
;__Lib_Lcd.c,71 :: 		
L_Lcd_Chr10:
0x0080	0x3080      	MOVLW      128
0x0081	0x00A3      	MOVWF      FARG_Lcd_Chr_row
;__Lib_Lcd.c,72 :: 		
0x0082	0x2896      	GOTO       L_Lcd_Chr5
L_Lcd_Chr4:
0x0083	0x1683      	BSF        STATUS, 5
0x0084	0x1303      	BCF        STATUS, 6
0x0085	0x0823      	MOVF       FARG_Lcd_Chr_row, 0
0x0086	0x3A01      	XORLW      1
0x0087	0x1903      	BTFSC      STATUS, 2
0x0088	0x2872      	GOTO       L_Lcd_Chr6
0x0089	0x0823      	MOVF       FARG_Lcd_Chr_row, 0
0x008A	0x3A02      	XORLW      2
0x008B	0x1903      	BTFSC      STATUS, 2
0x008C	0x2877      	GOTO       L_Lcd_Chr7
0x008D	0x0823      	MOVF       FARG_Lcd_Chr_row, 0
0x008E	0x3A03      	XORLW      3
0x008F	0x1903      	BTFSC      STATUS, 2
0x0090	0x287A      	GOTO       L_Lcd_Chr8
0x0091	0x0823      	MOVF       FARG_Lcd_Chr_row, 0
0x0092	0x3A04      	XORLW      4
0x0093	0x1903      	BTFSC      STATUS, 2
0x0094	0x287D      	GOTO       L_Lcd_Chr9
0x0095	0x2880      	GOTO       L_Lcd_Chr10
L_Lcd_Chr5:
;__Lib_Lcd.c,74 :: 		
0x0096	0x0324      	DECF       FARG_Lcd_Chr_column, 0
0x0097	0x00F0      	MOVWF      R0
0x0098	0x0823      	MOVF       FARG_Lcd_Chr_row, 0
0x0099	0x07F0      	ADDWF      R0, 1
0x009A	0x0870      	MOVF       R0, 0
0x009B	0x00A3      	MOVWF      FARG_Lcd_Chr_row
;__Lib_Lcd.c,76 :: 		
0x009C	0x1283      	BCF        STATUS, 5
0x009D	0x143E      	BSF        __Lib_Lcd_cmd_status, BitPos(__Lib_Lcd_cmd_status+0)
;__Lib_Lcd.c,77 :: 		
0x009E	0x0870      	MOVF       R0, 0
0x009F	0x1683      	BSF        STATUS, 5
0x00A0	0x00A6      	MOVWF      FARG_Lcd_Cmd_out_char
0x00A1	0x201A      	CALL       _Lcd_Cmd
;__Lib_Lcd.c,79 :: 		
0x00A2	0x103E      	BCF        __Lib_Lcd_cmd_status, BitPos(__Lib_Lcd_cmd_status+0)
;__Lib_Lcd.c,80 :: 		
0x00A3	0x1683      	BSF        STATUS, 5
0x00A4	0x0825      	MOVF       FARG_Lcd_Chr_out_char, 0
0x00A5	0x00A6      	MOVWF      FARG_Lcd_Cmd_out_char
0x00A6	0x201A      	CALL       _Lcd_Cmd
;__Lib_Lcd.c,81 :: 		
0x00A7	0x143E      	BSF        __Lib_Lcd_cmd_status, BitPos(__Lib_Lcd_cmd_status+0)
;__Lib_Lcd.c,82 :: 		
L_end_Lcd_Chr:
0x00A8	0x0008      	RETURN
; end of _Lcd_Chr
_Lcd_Chr_CP:
;__Lib_Lcd.c,50 :: 		
;__Lib_Lcd.c,52 :: 		
0x00A9	0x1283      	BCF        STATUS, 5
0x00AA	0x1303      	BCF        STATUS, 6
0x00AB	0x103E      	BCF        __Lib_Lcd_cmd_status, BitPos(__Lib_Lcd_cmd_status+0)
;__Lib_Lcd.c,53 :: 		
0x00AC	0x1683      	BSF        STATUS, 5
0x00AD	0x0823      	MOVF       FARG_Lcd_Chr_CP_out_char, 0
0x00AE	0x00A6      	MOVWF      FARG_Lcd_Cmd_out_char
0x00AF	0x201A      	CALL       _Lcd_Cmd
;__Lib_Lcd.c,54 :: 		
0x00B0	0x143E      	BSF        __Lib_Lcd_cmd_status, BitPos(__Lib_Lcd_cmd_status+0)
;__Lib_Lcd.c,55 :: 		
L_end_Lcd_Chr_CP:
0x00B1	0x0008      	RETURN
; end of _Lcd_Chr_CP
_____DoICP:
;__Lib_System.c,6 :: 		
;__Lib_System.c,9 :: 		
0x00B2	0x1283      	BCF        STATUS, 5
0x00B3	0x1303      	BCF        STATUS, 6
0x00B4	0x0839      	MOVF       ___DoICPAddr+1, 0
0x00B5	0x008A      	MOVWF      PCLATH
;__Lib_System.c,10 :: 		
0x00B6	0x0838      	MOVF       ___DoICPAddr, 0
0x00B7	0x0082      	MOVWF      PCL
;__Lib_System.c,12 :: 		
L_end_____DoICP:
0x00B8	0x0008      	RETURN
; end of _____DoICP
_Mul_32x32_U:
;__Lib_Math.c,1774 :: 		
;__Lib_Math.c,1789 :: 		
0x00B9	0x1283      	BCF        STATUS, 5
;__Lib_Math.c,1790 :: 		
0x00BA	0x1303      	BCF        STATUS, 6
;__Lib_Math.c,1791 :: 		
0x00BB	0x3022      	MOVLW      34
;__Lib_Math.c,1792 :: 		
0x00BC	0x00FC      	MOVWF      R12
;__Lib_Math.c,1793 :: 		
0x00BD	0x01F8      	CLRF       R8
;__Lib_Math.c,1794 :: 		
0x00BE	0x01F9      	CLRF       R9
;__Lib_Math.c,1795 :: 		
0x00BF	0x01FA      	CLRF       R10
;__Lib_Math.c,1796 :: 		
0x00C0	0x01FB      	CLRF       R11
;__Lib_Math.c,1798 :: 		
_NEXT:
;__Lib_Math.c,1802 :: 		
0x00C1	0x03FC      	DECF       R12, 1
;__Lib_Math.c,1803 :: 		
0x00C2	0x1903      	BTFSC      STATUS, 2
;__Lib_Math.c,1804 :: 		
0x00C3	0x28EF      	GOTO       _EXIT2
;__Lib_Math.c,1805 :: 		
0x00C4	0x1003      	BCF        STATUS, 0
;__Lib_Math.c,1807 :: 		
_LOOP:
;__Lib_Math.c,1816 :: 		
0x00C5	0x0CFB      	RRF        R11, 1
;__Lib_Math.c,1817 :: 		
0x00C6	0x0CFA      	RRF        R10, 1
;__Lib_Math.c,1818 :: 		
0x00C7	0x0CF9      	RRF        R9, 1
;__Lib_Math.c,1819 :: 		
0x00C8	0x0CF8      	RRF        R8, 1
;__Lib_Math.c,1820 :: 		
0x00C9	0x0CF3      	RRF        R3, 1
;__Lib_Math.c,1821 :: 		
0x00CA	0x0CF2      	RRF        R2, 1
;__Lib_Math.c,1822 :: 		
0x00CB	0x0CF1      	RRF        R1, 1
;__Lib_Math.c,1823 :: 		
0x00CC	0x0CF0      	RRF        R0, 1
;__Lib_Math.c,1828 :: 		
0x00CD	0x1C03      	BTFSS      STATUS, 0
;__Lib_Math.c,1829 :: 		
0x00CE	0x28C1      	GOTO       _NEXT
;__Lib_Math.c,1830 :: 		
0x00CF	0x03FC      	DECF       R12, 1
;__Lib_Math.c,1831 :: 		
0x00D0	0x1903      	BTFSC      STATUS, 2
;__Lib_Math.c,1832 :: 		
0x00D1	0x28E1      	GOTO       _EXIT1
;__Lib_Math.c,1839 :: 		
0x00D2	0x0874      	MOVF       R4, 0
;__Lib_Math.c,1840 :: 		
0x00D3	0x07F8      	ADDWF      R8, 1
;__Lib_Math.c,1841 :: 		
0x00D4	0x0875      	MOVF       R5, 0
;__Lib_Math.c,1842 :: 		
0x00D5	0x1803      	BTFSC      STATUS, 0
;__Lib_Math.c,1843 :: 		
0x00D6	0x0F75      	INCFSZ     R5, 0
;__Lib_Math.c,1844 :: 		
0x00D7	0x07F9      	ADDWF      R9, 1
;__Lib_Math.c,1845 :: 		
0x00D8	0x0876      	MOVF       R6, 0
;__Lib_Math.c,1846 :: 		
0x00D9	0x1803      	BTFSC      STATUS, 0
;__Lib_Math.c,1847 :: 		
0x00DA	0x0F76      	INCFSZ     R6, 0
;__Lib_Math.c,1848 :: 		
0x00DB	0x07FA      	ADDWF      R10, 1
;__Lib_Math.c,1849 :: 		
0x00DC	0x0877      	MOVF       R7, 0
;__Lib_Math.c,1850 :: 		
0x00DD	0x1803      	BTFSC      STATUS, 0
;__Lib_Math.c,1851 :: 		
0x00DE	0x0F77      	INCFSZ     R7, 0
;__Lib_Math.c,1852 :: 		
0x00DF	0x07FB      	ADDWF      R11, 1
;__Lib_Math.c,1854 :: 		
0x00E0	0x28C5      	GOTO       _LOOP
;__Lib_Math.c,1856 :: 		
_EXIT1:
;__Lib_Math.c,1861 :: 		
0x00E1	0x0874      	MOVF       R4, 0
;__Lib_Math.c,1862 :: 		
0x00E2	0x07F8      	ADDWF      R8, 1
;__Lib_Math.c,1863 :: 		
0x00E3	0x0875      	MOVF       R5, 0
;__Lib_Math.c,1864 :: 		
0x00E4	0x1803      	BTFSC      STATUS, 0
;__Lib_Math.c,1865 :: 		
0x00E5	0x0F75      	INCFSZ     R5, 0
;__Lib_Math.c,1866 :: 		
0x00E6	0x07F9      	ADDWF      R9, 1
;__Lib_Math.c,1867 :: 		
0x00E7	0x0876      	MOVF       R6, 0
;__Lib_Math.c,1868 :: 		
0x00E8	0x1803      	BTFSC      STATUS, 0
;__Lib_Math.c,1869 :: 		
0x00E9	0x0F76      	INCFSZ     R6, 0
;__Lib_Math.c,1870 :: 		
0x00EA	0x07FA      	ADDWF      R10, 1
;__Lib_Math.c,1871 :: 		
0x00EB	0x0877      	MOVF       R7, 0
;__Lib_Math.c,1872 :: 		
0x00EC	0x1803      	BTFSC      STATUS, 0
;__Lib_Math.c,1873 :: 		
0x00ED	0x0F77      	INCFSZ     R7, 0
;__Lib_Math.c,1874 :: 		
0x00EE	0x07FB      	ADDWF      R11, 1
;__Lib_Math.c,1877 :: 		
_EXIT2:
;__Lib_Math.c,1879 :: 		
L_end_Mul_32x32_U:
0x00EF	0x0008      	RETURN
; end of _Mul_32x32_U
_Div_16x16_S_L:
;__Lib_Math.c,420 :: 		
;__Lib_Math.c,426 :: 		
0x00F0	0x0D71      	RLF        R1, 0
;__Lib_Math.c,427 :: 		
0x00F1	0x0DF8      	RLF        R8, 1
;__Lib_Math.c,428 :: 		
0x00F2	0x0DF9      	RLF        R9, 1
;__Lib_Math.c,429 :: 		
0x00F3	0x0874      	MOVF       R4, 0
;__Lib_Math.c,430 :: 		
0x00F4	0x02F8      	SUBWF      R8, 1
;__Lib_Math.c,431 :: 		
0x00F5	0x0875      	MOVF       R5, 0
;__Lib_Math.c,432 :: 		
0x00F6	0x1C03      	BTFSS      STATUS, 0
;__Lib_Math.c,433 :: 		
0x00F7	0x0F75      	INCFSZ     R5, 0
;__Lib_Math.c,434 :: 		
0x00F8	0x02F9      	SUBWF      R9, 1
;__Lib_Math.c,435 :: 		
0x00F9	0x0DF0      	RLF        R0, 1
;__Lib_Math.c,436 :: 		
0x00FA	0x0DF1      	RLF        R1, 1
;__Lib_Math.c,438 :: 		
0x00FB	0x300F      	MOVLW      15
;__Lib_Math.c,439 :: 		
0x00FC	0x00FC      	MOVWF      R12
;__Lib_Math.c,441 :: 		
0x00FD	0x0D71      	RLF        R1, 0
;__Lib_Math.c,442 :: 		
0x00FE	0x0DF8      	RLF        R8, 1
;__Lib_Math.c,443 :: 		
0x00FF	0x0DF9      	RLF        R9, 1
;__Lib_Math.c,444 :: 		
0x0100	0x0874      	MOVF       R4, 0
;__Lib_Math.c,446 :: 		
0x0101	0x1C70      	BTFSS      R0, 0
;__Lib_Math.c,447 :: 		
0x0102	0x2909      	GOTO       $+7
;__Lib_Math.c,448 :: 		
0x0103	0x02F8      	SUBWF      R8, 1
;__Lib_Math.c,449 :: 		
0x0104	0x0875      	MOVF       R5, 0
;__Lib_Math.c,450 :: 		
0x0105	0x1C03      	BTFSS      STATUS, 0
;__Lib_Math.c,451 :: 		
0x0106	0x0F75      	INCFSZ     R5, 0
;__Lib_Math.c,452 :: 		
0x0107	0x02F9      	SUBWF      R9, 1
;__Lib_Math.c,453 :: 		
0x0108	0x290E      	GOTO       $+6
;__Lib_Math.c,455 :: 		
0x0109	0x07F8      	ADDWF      R8, 1
;__Lib_Math.c,456 :: 		
0x010A	0x0875      	MOVF       R5, 0
;__Lib_Math.c,457 :: 		
0x010B	0x1803      	BTFSC      STATUS, 0
;__Lib_Math.c,458 :: 		
0x010C	0x0F75      	INCFSZ     R5, 0
;__Lib_Math.c,459 :: 		
0x010D	0x07F9      	ADDWF      R9, 1
;__Lib_Math.c,461 :: 		
0x010E	0x0DF0      	RLF        R0, 1
;__Lib_Math.c,462 :: 		
0x010F	0x0DF1      	RLF        R1, 1
;__Lib_Math.c,464 :: 		
0x0110	0x0BFC      	DECFSZ     R12, 1
;__Lib_Math.c,465 :: 		
0x0111	0x28FD      	GOTO       $-20
;__Lib_Math.c,467 :: 		
0x0112	0x1870      	BTFSC      R0, 0
;__Lib_Math.c,468 :: 		
0x0113	0x291A      	GOTO       $+7
;__Lib_Math.c,469 :: 		
0x0114	0x0874      	MOVF       R4, 0
;__Lib_Math.c,470 :: 		
0x0115	0x07F8      	ADDWF      R8, 1
;__Lib_Math.c,471 :: 		
0x0116	0x0875      	MOVF       R5, 0
;__Lib_Math.c,472 :: 		
0x0117	0x1803      	BTFSC      STATUS, 0
;__Lib_Math.c,473 :: 		
0x0118	0x0F75      	INCFSZ     R5, 0
;__Lib_Math.c,474 :: 		
0x0119	0x07F9      	ADDWF      R9, 1
;__Lib_Math.c,475 :: 		
0x011A	0x0000      	NOP
;__Lib_Math.c,477 :: 		
L_end_Div_16x16_S_L:
0x011B	0x0008      	RETURN
; end of _Div_16x16_S_L
_srand:
;__Lib_CStdlib.c,301 :: 		
;__Lib_CStdlib.c,302 :: 		
0x011C	0x1683      	BSF        STATUS, 5
0x011D	0x1303      	BCF        STATUS, 6
0x011E	0x0821      	MOVF       FARG_srand_x, 0
0x011F	0x1283      	BCF        STATUS, 5
0x0120	0x00BA      	MOVWF      __Lib_CStdlib_randx
0x0121	0x1683      	BSF        STATUS, 5
0x0122	0x0822      	MOVF       FARG_srand_x+1, 0
0x0123	0x1283      	BCF        STATUS, 5
0x0124	0x00BB      	MOVWF      __Lib_CStdlib_randx+1
0x0125	0x01BC      	CLRF       __Lib_CStdlib_randx+2
0x0126	0x01BD      	CLRF       __Lib_CStdlib_randx+3
;__Lib_CStdlib.c,303 :: 		
0x0127	0x3001      	MOVLW      1
0x0128	0x00BF      	MOVWF      __Lib_CStdlib_randf
;__Lib_CStdlib.c,304 :: 		
L_end_srand:
0x0129	0x0008      	RETURN
; end of _srand
_pntCr:
;core.c,9 :: 		void pntCr(){
;core.c,11 :: 		Lcd_Cmd(64);
0x012A	0x3040      	MOVLW      64
0x012B	0x1683      	BSF        STATUS, 5
0x012C	0x1303      	BCF        STATUS, 6
0x012D	0x00A6      	MOVWF      FARG_Lcd_Cmd_out_char
0x012E	0x201A      	CALL       _Lcd_Cmd
;core.c,12 :: 		for (i = 0; i<=7; i++) Lcd_Chr_CP(car[i]);
0x012F	0x1683      	BSF        STATUS, 5
0x0130	0x01A1      	CLRF       pntCr_i_L0
L_pntCr0:
0x0131	0x0821      	MOVF       pntCr_i_L0, 0
0x0132	0x3C07      	SUBLW      7
0x0133	0x1C03      	BTFSS      STATUS, 0
0x0134	0x294A      	GOTO       L_pntCr1
0x0135	0x0821      	MOVF       pntCr_i_L0, 0
0x0136	0x3EAC      	ADDLW      _car
0x0137	0x00F0      	MOVWF      R0
0x0138	0x3005      	MOVLW      hi_addr(_car)
0x0139	0x1803      	BTFSC      STATUS, 0
0x013A	0x3E01      	ADDLW      1
0x013B	0x00F1      	MOVWF      R0+1
0x013C	0x0870      	MOVF       R0, 0
0x013D	0x1283      	BCF        STATUS, 5
0x013E	0x00B8      	MOVWF      ___DoICPAddr
0x013F	0x0871      	MOVF       R0+1, 0
0x0140	0x00B9      	MOVWF      ___DoICPAddr+1
0x0141	0x20B2      	CALL       _____DoICP
0x0142	0x118A      	BCF        PCLATH, 3
0x0143	0x120A      	BCF        PCLATH, 4
0x0144	0x1683      	BSF        STATUS, 5
0x0145	0x00A3      	MOVWF      FARG_Lcd_Chr_CP_out_char
0x0146	0x20A9      	CALL       _Lcd_Chr_CP
0x0147	0x1683      	BSF        STATUS, 5
0x0148	0x0AA1      	INCF       pntCr_i_L0, 1
0x0149	0x2931      	GOTO       L_pntCr0
L_pntCr1:
;core.c,13 :: 		Lcd_Cmd(_LCD_RETURN_HOME);
0x014A	0x3002      	MOVLW      2
0x014B	0x00A6      	MOVWF      FARG_Lcd_Cmd_out_char
0x014C	0x201A      	CALL       _Lcd_Cmd
;core.c,14 :: 		Lcd_Chr(c_row, c_col, 0);
0x014D	0x0821      	MOVF       _c_row, 0
0x014E	0x1683      	BSF        STATUS, 5
0x014F	0x00A3      	MOVWF      FARG_Lcd_Chr_row
0x0150	0x1283      	BCF        STATUS, 5
0x0151	0x0820      	MOVF       _c_col, 0
0x0152	0x1683      	BSF        STATUS, 5
0x0153	0x00A4      	MOVWF      FARG_Lcd_Chr_column
0x0154	0x01A5      	CLRF       FARG_Lcd_Chr_out_char
0x0155	0x2071      	CALL       _Lcd_Chr
;core.c,15 :: 		}
L_end_pntCr:
0x0156	0x0008      	RETURN
; end of _pntCr
_c_right:
;core.c,35 :: 		void c_right(char * num){
;core.c,36 :: 		if(*num < 16){
0x0157	0x1283      	BCF        STATUS, 5
0x0158	0x1303      	BCF        STATUS, 6
0x0159	0x086D      	MOVF       FARG_c_right_num, 0
0x015A	0x0084      	MOVWF      FSR
0x015B	0x3010      	MOVLW      16
0x015C	0x0200      	SUBWF      INDF, 0
0x015D	0x1803      	BTFSC      STATUS, 0
0x015E	0x2968      	GOTO       L_c_right5
;core.c,37 :: 		*num = *num +1;
0x015F	0x086D      	MOVF       FARG_c_right_num, 0
0x0160	0x0084      	MOVWF      FSR
0x0161	0x0A00      	INCF       INDF, 0
0x0162	0x00F0      	MOVWF      R0
0x0163	0x086D      	MOVF       FARG_c_right_num, 0
0x0164	0x0084      	MOVWF      FSR
0x0165	0x0870      	MOVF       R0, 0
0x0166	0x0080      	MOVWF      INDF
;core.c,38 :: 		pntCr();
0x0167	0x212A      	CALL       _pntCr
;core.c,39 :: 		}
L_c_right5:
;core.c,40 :: 		}
L_end_c_right:
0x0168	0x0008      	RETURN
; end of _c_right
_c_left:
;core.c,42 :: 		void c_left(char * num){
;core.c,43 :: 		if(*num>1){
0x0169	0x1283      	BCF        STATUS, 5
0x016A	0x1303      	BCF        STATUS, 6
0x016B	0x086D      	MOVF       FARG_c_left_num, 0
0x016C	0x0084      	MOVWF      FSR
0x016D	0x0800      	MOVF       INDF, 0
0x016E	0x3C01      	SUBLW      1
0x016F	0x1803      	BTFSC      STATUS, 0
0x0170	0x297A      	GOTO       L_c_left6
;core.c,44 :: 		*num = *num -1;
0x0171	0x086D      	MOVF       FARG_c_left_num, 0
0x0172	0x0084      	MOVWF      FSR
0x0173	0x0300      	DECF       INDF, 0
0x0174	0x00F0      	MOVWF      R0
0x0175	0x086D      	MOVF       FARG_c_left_num, 0
0x0176	0x0084      	MOVWF      FSR
0x0177	0x0870      	MOVF       R0, 0
0x0178	0x0080      	MOVWF      INDF
;core.c,45 :: 		pntCr();
0x0179	0x212A      	CALL       _pntCr
;core.c,46 :: 		}
L_c_left6:
;core.c,47 :: 		}
L_end_c_left:
0x017A	0x0008      	RETURN
; end of _c_left
_Lcd_Out:
;__Lib_Lcd.c,184 :: 		
;__Lib_Lcd.c,187 :: 		
0x017B	0x298D      	GOTO       L_Lcd_Out11
;__Lib_Lcd.c,188 :: 		
L_Lcd_Out13:
0x017C	0x3080      	MOVLW      128
0x017D	0x1283      	BCF        STATUS, 5
0x017E	0x1303      	BCF        STATUS, 6
0x017F	0x00ED      	MOVWF      FARG_Lcd_Out_row
0x0180	0x29A0      	GOTO       L_Lcd_Out12
;__Lib_Lcd.c,189 :: 		
L_Lcd_Out14:
0x0181	0x30C0      	MOVLW      192
0x0182	0x00ED      	MOVWF      FARG_Lcd_Out_row
0x0183	0x29A0      	GOTO       L_Lcd_Out12
;__Lib_Lcd.c,190 :: 		
L_Lcd_Out15:
0x0184	0x3094      	MOVLW      148
0x0185	0x00ED      	MOVWF      FARG_Lcd_Out_row
0x0186	0x29A0      	GOTO       L_Lcd_Out12
;__Lib_Lcd.c,191 :: 		
L_Lcd_Out16:
0x0187	0x30D4      	MOVLW      212
0x0188	0x00ED      	MOVWF      FARG_Lcd_Out_row
0x0189	0x29A0      	GOTO       L_Lcd_Out12
;__Lib_Lcd.c,192 :: 		
L_Lcd_Out17:
0x018A	0x3080      	MOVLW      128
0x018B	0x00ED      	MOVWF      FARG_Lcd_Out_row
;__Lib_Lcd.c,193 :: 		
0x018C	0x29A0      	GOTO       L_Lcd_Out12
L_Lcd_Out11:
0x018D	0x1283      	BCF        STATUS, 5
0x018E	0x1303      	BCF        STATUS, 6
0x018F	0x086D      	MOVF       FARG_Lcd_Out_row, 0
0x0190	0x3A01      	XORLW      1
0x0191	0x1903      	BTFSC      STATUS, 2
0x0192	0x297C      	GOTO       L_Lcd_Out13
0x0193	0x086D      	MOVF       FARG_Lcd_Out_row, 0
0x0194	0x3A02      	XORLW      2
0x0195	0x1903      	BTFSC      STATUS, 2
0x0196	0x2981      	GOTO       L_Lcd_Out14
0x0197	0x086D      	MOVF       FARG_Lcd_Out_row, 0
0x0198	0x3A03      	XORLW      3
0x0199	0x1903      	BTFSC      STATUS, 2
0x019A	0x2984      	GOTO       L_Lcd_Out15
0x019B	0x086D      	MOVF       FARG_Lcd_Out_row, 0
0x019C	0x3A04      	XORLW      4
0x019D	0x1903      	BTFSC      STATUS, 2
0x019E	0x2987      	GOTO       L_Lcd_Out16
0x019F	0x298A      	GOTO       L_Lcd_Out17
L_Lcd_Out12:
;__Lib_Lcd.c,194 :: 		
0x01A0	0x036E      	DECF       FARG_Lcd_Out_column, 0
0x01A1	0x00F0      	MOVWF      R0
0x01A2	0x086D      	MOVF       FARG_Lcd_Out_row, 0
0x01A3	0x07F0      	ADDWF      R0, 1
0x01A4	0x0870      	MOVF       R0, 0
0x01A5	0x00ED      	MOVWF      FARG_Lcd_Out_row
;__Lib_Lcd.c,196 :: 		
0x01A6	0x0870      	MOVF       R0, 0
0x01A7	0x1683      	BSF        STATUS, 5
0x01A8	0x00A6      	MOVWF      FARG_Lcd_Cmd_out_char
0x01A9	0x201A      	CALL       _Lcd_Cmd
;__Lib_Lcd.c,197 :: 		
0x01AA	0x103E      	BCF        __Lib_Lcd_cmd_status, BitPos(__Lib_Lcd_cmd_status+0)
;__Lib_Lcd.c,198 :: 		
0x01AB	0x1683      	BSF        STATUS, 5
0x01AC	0x01A0      	CLRF       Lcd_Out_i_L0
;__Lib_Lcd.c,199 :: 		
L_Lcd_Out18:
0x01AD	0x0820      	MOVF       Lcd_Out_i_L0, 0
0x01AE	0x1283      	BCF        STATUS, 5
0x01AF	0x076F      	ADDWF      FARG_Lcd_Out_text, 0
0x01B0	0x0084      	MOVWF      FSR
0x01B1	0x0800      	MOVF       INDF, 0
0x01B2	0x1903      	BTFSC      STATUS, 2
0x01B3	0x29C0      	GOTO       L_Lcd_Out19
;__Lib_Lcd.c,200 :: 		
0x01B4	0x1683      	BSF        STATUS, 5
0x01B5	0x0820      	MOVF       Lcd_Out_i_L0, 0
0x01B6	0x1283      	BCF        STATUS, 5
0x01B7	0x076F      	ADDWF      FARG_Lcd_Out_text, 0
0x01B8	0x0084      	MOVWF      FSR
0x01B9	0x0800      	MOVF       INDF, 0
0x01BA	0x1683      	BSF        STATUS, 5
0x01BB	0x00A3      	MOVWF      FARG_Lcd_Chr_CP_out_char
0x01BC	0x20A9      	CALL       _Lcd_Chr_CP
0x01BD	0x1683      	BSF        STATUS, 5
0x01BE	0x0AA0      	INCF       Lcd_Out_i_L0, 1
0x01BF	0x29AD      	GOTO       L_Lcd_Out18
L_Lcd_Out19:
;__Lib_Lcd.c,201 :: 		
0x01C0	0x1283      	BCF        STATUS, 5
0x01C1	0x143E      	BSF        __Lib_Lcd_cmd_status, BitPos(__Lib_Lcd_cmd_status+0)
;__Lib_Lcd.c,202 :: 		
L_end_Lcd_Out:
0x01C2	0x0008      	RETURN
; end of _Lcd_Out
_clr:
;core.c,16 :: 		void clr(){
;core.c,17 :: 		Lcd_Cmd(_LCD_CLEAR);
0x01C3	0x3001      	MOVLW      1
0x01C4	0x1683      	BSF        STATUS, 5
0x01C5	0x1303      	BCF        STATUS, 6
0x01C6	0x00A6      	MOVWF      FARG_Lcd_Cmd_out_char
0x01C7	0x201A      	CALL       _Lcd_Cmd
;core.c,18 :: 		}
L_end_clr:
0x01C8	0x0008      	RETURN
; end of _clr
_Div_16x16_S:
;__Lib_Math.c,479 :: 		
;__Lib_Math.c,487 :: 		
0x01C9	0x1283      	BCF        STATUS, 5
0x01CA	0x1303      	BCF        STATUS, 6
0x01CB	0x0874      	MOVF       R4, 0
0x01CC	0x3A00      	XORLW      0
0x01CD	0x1D03      	BTFSS      STATUS, 2
0x01CE	0x29D8      	GOTO       L_Div_16x16_S0
;__Lib_Math.c,488 :: 		
0x01CF	0x0875      	MOVF       R5, 0
0x01D0	0x3A00      	XORLW      0
0x01D1	0x1D03      	BTFSS      STATUS, 2
0x01D2	0x29D8      	GOTO       L_Div_16x16_S1
;__Lib_Math.c,489 :: 		
0x01D3	0x30FF      	MOVLW      255
0x01D4	0x00F0      	MOVWF      R0
;__Lib_Math.c,490 :: 		
0x01D5	0x307F      	MOVLW      127
0x01D6	0x00F1      	MOVWF      R1
;__Lib_Math.c,491 :: 		
0x01D7	0x2A31      	GOTO       L_end_Div_16x16_S
;__Lib_Math.c,492 :: 		
L_Div_16x16_S1:
L_Div_16x16_S0:
;__Lib_Math.c,495 :: 		
0x01D8	0x1283      	BCF        STATUS, 5
;__Lib_Math.c,496 :: 		
0x01D9	0x1303      	BCF        STATUS, 6
;__Lib_Math.c,497 :: 		
0x01DA	0x01FD      	CLRF       R13
;__Lib_Math.c,498 :: 		
0x01DB	0x01F9      	CLRF       R9
;__Lib_Math.c,499 :: 		
0x01DC	0x01F8      	CLRF       R8
;__Lib_Math.c,500 :: 		
0x01DD	0x0871      	MOVF       R1, 0
;__Lib_Math.c,501 :: 		
0x01DE	0x0470      	IORWF      R0, 0
;__Lib_Math.c,502 :: 		
0x01DF	0x1903      	BTFSC      STATUS, 2
;__Lib_Math.c,503 :: 		
0x01E0	0x3400      	RETLW      0
;__Lib_Math.c,505 :: 		
0x01E1	0x0871      	MOVF       R1, 0
;__Lib_Math.c,506 :: 		
0x01E2	0x0675      	XORWF      R5, 0
;__Lib_Math.c,507 :: 		
0x01E3	0x00FA      	MOVWF      R10
;__Lib_Math.c,508 :: 		
0x01E4	0x1BFA      	BTFSC      R10, 7
;__Lib_Math.c,509 :: 		
0x01E5	0x09FD      	COMF       R13, 1
;__Lib_Math.c,511 :: 		
0x01E6	0x01FB      	CLRF       R11
;__Lib_Math.c,513 :: 		
0x01E7	0x1FF5      	BTFSS      R5, 7
;__Lib_Math.c,514 :: 		
0x01E8	0x29EE      	GOTO       $+6
;__Lib_Math.c,516 :: 		
0x01E9	0x09F4      	COMF       R4, 1
;__Lib_Math.c,517 :: 		
0x01EA	0x09F5      	COMF       R5, 1
;__Lib_Math.c,518 :: 		
0x01EB	0x0AF4      	INCF       R4, 1
;__Lib_Math.c,519 :: 		
0x01EC	0x1903      	BTFSC      STATUS, 2
;__Lib_Math.c,520 :: 		
0x01ED	0x0AF5      	INCF       R5, 1
;__Lib_Math.c,522 :: 		
0x01EE	0x1FF1      	BTFSS      R1, 7
;__Lib_Math.c,523 :: 		
0x01EF	0x29F5      	GOTO       $+6
;__Lib_Math.c,525 :: 		
0x01F0	0x09F0      	COMF       R0, 1
;__Lib_Math.c,526 :: 		
0x01F1	0x09F1      	COMF       R1, 1
;__Lib_Math.c,527 :: 		
0x01F2	0x0AF0      	INCF       R0, 1
;__Lib_Math.c,528 :: 		
0x01F3	0x1903      	BTFSC      STATUS, 2
;__Lib_Math.c,529 :: 		
0x01F4	0x0AF1      	INCF       R1, 1
;__Lib_Math.c,531 :: 		
0x01F5	0x0871      	MOVF       R1, 0
;__Lib_Math.c,532 :: 		
0x01F6	0x0475      	IORWF      R5, 0
;__Lib_Math.c,533 :: 		
0x01F7	0x00FA      	MOVWF      R10
;__Lib_Math.c,534 :: 		
0x01F8	0x1BFA      	BTFSC      R10, 7
;__Lib_Math.c,535 :: 		
0x01F9	0x2A0A      	GOTO       $+17
;__Lib_Math.c,537 :: 		
0x01FA	0x20F0      	CALL       _Div_16x16_S_L
;__Lib_Math.c,539 :: 		
0x01FB	0x187B      	BTFSC      R11, 0
;__Lib_Math.c,540 :: 		
0x01FC	0x2A1D      	GOTO       $+33
;__Lib_Math.c,542 :: 		
0x01FD	0x1FFD      	BTFSS      R13, 7
;__Lib_Math.c,543 :: 		
0x01FE	0x3400      	RETLW      0
;__Lib_Math.c,545 :: 		
0x01FF	0x09F0      	COMF       R0, 1
;__Lib_Math.c,546 :: 		
0x0200	0x09F1      	COMF       R1, 1
;__Lib_Math.c,547 :: 		
0x0201	0x0AF0      	INCF       R0, 1
;__Lib_Math.c,548 :: 		
0x0202	0x1903      	BTFSC      STATUS, 2
;__Lib_Math.c,549 :: 		
0x0203	0x0AF1      	INCF       R1, 1
;__Lib_Math.c,551 :: 		
0x0204	0x09F8      	COMF       R8, 1
;__Lib_Math.c,552 :: 		
0x0205	0x09F9      	COMF       R9, 1
;__Lib_Math.c,553 :: 		
0x0206	0x0AF8      	INCF       R8, 1
;__Lib_Math.c,554 :: 		
0x0207	0x1903      	BTFSC      STATUS, 2
;__Lib_Math.c,555 :: 		
0x0208	0x0AF9      	INCF       R9, 1
;__Lib_Math.c,557 :: 		
0x0209	0x3400      	RETLW      0
;__Lib_Math.c,559 :: 		
0x020A	0x1FF5      	BTFSS      R5, 7
;__Lib_Math.c,560 :: 		
0x020B	0x2A19      	GOTO       $+14
;__Lib_Math.c,561 :: 		
0x020C	0x1BF1      	BTFSC      R1, 7
;__Lib_Math.c,562 :: 		
0x020D	0x2A15      	GOTO       $+8
;__Lib_Math.c,563 :: 		
0x020E	0x0871      	MOVF       R1, 0
;__Lib_Math.c,564 :: 		
0x020F	0x00F9      	MOVWF      R9
;__Lib_Math.c,565 :: 		
0x0210	0x0870      	MOVF       R0, 0
;__Lib_Math.c,566 :: 		
0x0211	0x00F8      	MOVWF      R8
;__Lib_Math.c,567 :: 		
0x0212	0x01F1      	CLRF       R1
;__Lib_Math.c,568 :: 		
0x0213	0x01F0      	CLRF       R0
;__Lib_Math.c,569 :: 		
0x0214	0x29FD      	GOTO       $-23
;__Lib_Math.c,570 :: 		
0x0215	0x01F1      	CLRF       R1
;__Lib_Math.c,571 :: 		
0x0216	0x01F0      	CLRF       R0
;__Lib_Math.c,572 :: 		
0x0217	0x0AF0      	INCF       R0, 1
;__Lib_Math.c,573 :: 		
0x0218	0x3400      	RETLW      0
;__Lib_Math.c,575 :: 		
0x0219	0x09F1      	COMF       R1, 1
;__Lib_Math.c,576 :: 		
0x021A	0x09F0      	COMF       R0, 1
;__Lib_Math.c,577 :: 		
0x021B	0x0AFB      	INCF       R11, 1
;__Lib_Math.c,578 :: 		
0x021C	0x29FA      	GOTO       $-34
;__Lib_Math.c,580 :: 		
0x021D	0x0AF8      	INCF       R8, 1
;__Lib_Math.c,581 :: 		
0x021E	0x1903      	BTFSC      STATUS, 2
;__Lib_Math.c,582 :: 		
0x021F	0x0AF9      	INCF       R9, 1
;__Lib_Math.c,583 :: 		
0x0220	0x0874      	MOVF       R4, 0
;__Lib_Math.c,584 :: 		
0x0221	0x0278      	SUBWF      R8, 0
;__Lib_Math.c,585 :: 		
0x0222	0x1D03      	BTFSS      STATUS, 2
;__Lib_Math.c,586 :: 		
0x0223	0x29FD      	GOTO       $-38
;__Lib_Math.c,587 :: 		
0x0224	0x0875      	MOVF       R5, 0
;__Lib_Math.c,588 :: 		
0x0225	0x0279      	SUBWF      R9, 0
;__Lib_Math.c,589 :: 		
0x0226	0x1D03      	BTFSS      STATUS, 2
;__Lib_Math.c,590 :: 		
0x0227	0x29FD      	GOTO       $-42
;__Lib_Math.c,591 :: 		
0x0228	0x01F9      	CLRF       R9
;__Lib_Math.c,592 :: 		
0x0229	0x01F8      	CLRF       R8
;__Lib_Math.c,593 :: 		
0x022A	0x0AF0      	INCF       R0, 1
;__Lib_Math.c,594 :: 		
0x022B	0x1903      	BTFSC      STATUS, 2
;__Lib_Math.c,595 :: 		
0x022C	0x0AF1      	INCF       R1, 1
;__Lib_Math.c,596 :: 		
0x022D	0x1FF1      	BTFSS      R1, 7
;__Lib_Math.c,597 :: 		
0x022E	0x29FD      	GOTO       $-49
;__Lib_Math.c,598 :: 		
0x022F	0x0000      	NOP
;__Lib_Math.c,599 :: 		
0x0230	0x34FF      	RETLW      255
;__Lib_Math.c,601 :: 		
L_end_Div_16x16_S:
0x0231	0x0008      	RETURN
; end of _Div_16x16_S
_pntEn:
;enemy.c,7 :: 		void pntEn(char pos_row, char pos_char) {
;enemy.c,9 :: 		Lcd_Cmd(72);
0x0232	0x3048      	MOVLW      72
0x0233	0x1683      	BSF        STATUS, 5
0x0234	0x1303      	BCF        STATUS, 6
0x0235	0x00A6      	MOVWF      FARG_Lcd_Cmd_out_char
0x0236	0x201A      	CALL       _Lcd_Cmd
;enemy.c,10 :: 		for (i = 0; i<=7; i++) Lcd_Chr_CP(enImg[i]);
0x0237	0x01EF      	CLRF       pntEn_i_L0
L_pntEn0:
0x0238	0x086F      	MOVF       pntEn_i_L0, 0
0x0239	0x3C07      	SUBLW      7
0x023A	0x1C03      	BTFSS      STATUS, 0
0x023B	0x2A4F      	GOTO       L_pntEn1
0x023C	0x086F      	MOVF       pntEn_i_L0, 0
0x023D	0x3EA4      	ADDLW      _enImg
0x023E	0x00F0      	MOVWF      R0
0x023F	0x3005      	MOVLW      hi_addr(_enImg)
0x0240	0x1803      	BTFSC      STATUS, 0
0x0241	0x3E01      	ADDLW      1
0x0242	0x00F1      	MOVWF      R0+1
0x0243	0x0870      	MOVF       R0, 0
0x0244	0x00B8      	MOVWF      ___DoICPAddr
0x0245	0x0871      	MOVF       R0+1, 0
0x0246	0x00B9      	MOVWF      ___DoICPAddr+1
0x0247	0x20B2      	CALL       _____DoICP
0x0248	0x118A      	BCF        PCLATH, 3
0x0249	0x120A      	BCF        PCLATH, 4
0x024A	0x1683      	BSF        STATUS, 5
0x024B	0x00A3      	MOVWF      FARG_Lcd_Chr_CP_out_char
0x024C	0x20A9      	CALL       _Lcd_Chr_CP
0x024D	0x0AEF      	INCF       pntEn_i_L0, 1
0x024E	0x2A38      	GOTO       L_pntEn0
L_pntEn1:
;enemy.c,11 :: 		Lcd_Cmd(_LCD_RETURN_HOME);
0x024F	0x3002      	MOVLW      2
0x0250	0x1683      	BSF        STATUS, 5
0x0251	0x00A6      	MOVWF      FARG_Lcd_Cmd_out_char
0x0252	0x201A      	CALL       _Lcd_Cmd
;enemy.c,12 :: 		Lcd_Chr(pos_row, pos_char, 1);
0x0253	0x086D      	MOVF       FARG_pntEn_pos_row, 0
0x0254	0x1683      	BSF        STATUS, 5
0x0255	0x00A3      	MOVWF      FARG_Lcd_Chr_row
0x0256	0x1283      	BCF        STATUS, 5
0x0257	0x086E      	MOVF       FARG_pntEn_pos_char, 0
0x0258	0x1683      	BSF        STATUS, 5
0x0259	0x00A4      	MOVWF      FARG_Lcd_Chr_column
0x025A	0x3001      	MOVLW      1
0x025B	0x00A5      	MOVWF      FARG_Lcd_Chr_out_char
0x025C	0x2071      	CALL       _Lcd_Chr
;enemy.c,13 :: 		}
L_end_pntEn:
0x025D	0x0008      	RETURN
; end of _pntEn
_Lcd_Init:
;__Lib_Lcd.c,84 :: 		
;__Lib_Lcd.c,86 :: 		
0x025E	0x1683      	BSF        STATUS, 5
0x025F	0x1303      	BCF        STATUS, 6
0x0260	0x1286      	BCF        LCD_EN_Direction, BitPos(LCD_EN_Direction+0)
;__Lib_Lcd.c,87 :: 		
0x0261	0x1206      	BCF        LCD_RS_Direction, BitPos(LCD_RS_Direction+0)
;__Lib_Lcd.c,88 :: 		
0x0262	0x1006      	BCF        LCD_D4_Direction, BitPos(LCD_D4_Direction+0)
;__Lib_Lcd.c,89 :: 		
0x0263	0x1086      	BCF        LCD_D5_Direction, BitPos(LCD_D5_Direction+0)
;__Lib_Lcd.c,90 :: 		
0x0264	0x1106      	BCF        LCD_D6_Direction, BitPos(LCD_D6_Direction+0)
;__Lib_Lcd.c,91 :: 		
0x0265	0x1186      	BCF        LCD_D7_Direction, BitPos(LCD_D7_Direction+0)
;__Lib_Lcd.c,93 :: 		
0x0266	0x1283      	BCF        STATUS, 5
0x0267	0x1286      	BCF        LCD_EN, BitPos(LCD_EN+0)
;__Lib_Lcd.c,94 :: 		
0x0268	0x1206      	BCF        LCD_RS, BitPos(LCD_RS+0)
;__Lib_Lcd.c,95 :: 		
0x0269	0x1186      	BCF        LCD_D7, BitPos(LCD_D7+0)
;__Lib_Lcd.c,96 :: 		
0x026A	0x1106      	BCF        LCD_D6, BitPos(LCD_D6+0)
;__Lib_Lcd.c,97 :: 		
0x026B	0x1086      	BCF        LCD_D5, BitPos(LCD_D5+0)
;__Lib_Lcd.c,98 :: 		
0x026C	0x1006      	BCF        LCD_D4, BitPos(LCD_D4+0)
;__Lib_Lcd.c,100 :: 		
0x026D	0x2003      	CALL       _Delay_5500us
;__Lib_Lcd.c,101 :: 		
0x026E	0x2003      	CALL       _Delay_5500us
;__Lib_Lcd.c,102 :: 		
0x026F	0x2003      	CALL       _Delay_5500us
;__Lib_Lcd.c,105 :: 		
0x0270	0x1486      	BSF        LCD_D5, BitPos(LCD_D5+0)
;__Lib_Lcd.c,106 :: 		
0x0271	0x1406      	BSF        LCD_D4, BitPos(LCD_D4+0)
;__Lib_Lcd.c,107 :: 		
0x0272	0x1686      	BSF        LCD_EN, BitPos(LCD_EN+0)
;__Lib_Lcd.c,108 :: 		
0x0273	0x2017      	CALL       _Delay_1us
;__Lib_Lcd.c,109 :: 		
0x0274	0x1286      	BCF        LCD_EN, BitPos(LCD_EN+0)
;__Lib_Lcd.c,110 :: 		
0x0275	0x2003      	CALL       _Delay_5500us
;__Lib_Lcd.c,112 :: 		
0x0276	0x1686      	BSF        LCD_EN, BitPos(LCD_EN+0)
;__Lib_Lcd.c,113 :: 		
0x0277	0x2017      	CALL       _Delay_1us
;__Lib_Lcd.c,114 :: 		
0x0278	0x1286      	BCF        LCD_EN, BitPos(LCD_EN+0)
;__Lib_Lcd.c,115 :: 		
0x0279	0x2003      	CALL       _Delay_5500us
;__Lib_Lcd.c,117 :: 		
0x027A	0x1686      	BSF        LCD_EN, BitPos(LCD_EN+0)
;__Lib_Lcd.c,118 :: 		
0x027B	0x2017      	CALL       _Delay_1us
;__Lib_Lcd.c,119 :: 		
0x027C	0x1286      	BCF        LCD_EN, BitPos(LCD_EN+0)
;__Lib_Lcd.c,120 :: 		
0x027D	0x2003      	CALL       _Delay_5500us
;__Lib_Lcd.c,123 :: 		
0x027E	0x1006      	BCF        LCD_D4, BitPos(LCD_D4+0)
;__Lib_Lcd.c,124 :: 		
0x027F	0x1686      	BSF        LCD_EN, BitPos(LCD_EN+0)
;__Lib_Lcd.c,125 :: 		
0x0280	0x2017      	CALL       _Delay_1us
;__Lib_Lcd.c,126 :: 		
0x0281	0x1286      	BCF        LCD_EN, BitPos(LCD_EN+0)
;__Lib_Lcd.c,127 :: 		
0x0282	0x2003      	CALL       _Delay_5500us
;__Lib_Lcd.c,130 :: 		
0x0283	0x1686      	BSF        LCD_EN, BitPos(LCD_EN+0)
;__Lib_Lcd.c,131 :: 		
0x0284	0x2017      	CALL       _Delay_1us
;__Lib_Lcd.c,132 :: 		
0x0285	0x1286      	BCF        LCD_EN, BitPos(LCD_EN+0)
;__Lib_Lcd.c,134 :: 		
0x0286	0x1086      	BCF        LCD_D5, BitPos(LCD_D5+0)
;__Lib_Lcd.c,135 :: 		
0x0287	0x1586      	BSF        LCD_D7, BitPos(LCD_D7+0)
;__Lib_Lcd.c,136 :: 		
0x0288	0x1686      	BSF        LCD_EN, BitPos(LCD_EN+0)
;__Lib_Lcd.c,137 :: 		
0x0289	0x2017      	CALL       _Delay_1us
;__Lib_Lcd.c,138 :: 		
0x028A	0x1286      	BCF        LCD_EN, BitPos(LCD_EN+0)
;__Lib_Lcd.c,139 :: 		
0x028B	0x2003      	CALL       _Delay_5500us
;__Lib_Lcd.c,142 :: 		
0x028C	0x1186      	BCF        LCD_D7, BitPos(LCD_D7+0)
;__Lib_Lcd.c,143 :: 		
0x028D	0x1406      	BSF        LCD_D4, BitPos(LCD_D4+0)
;__Lib_Lcd.c,144 :: 		
0x028E	0x1686      	BSF        LCD_EN, BitPos(LCD_EN+0)
;__Lib_Lcd.c,145 :: 		
0x028F	0x2017      	CALL       _Delay_1us
;__Lib_Lcd.c,146 :: 		
0x0290	0x1286      	BCF        LCD_EN, BitPos(LCD_EN+0)
;__Lib_Lcd.c,148 :: 		
0x0291	0x1006      	BCF        LCD_D4, BitPos(LCD_D4+0)
;__Lib_Lcd.c,149 :: 		
0x0292	0x1686      	BSF        LCD_EN, BitPos(LCD_EN+0)
;__Lib_Lcd.c,150 :: 		
0x0293	0x2017      	CALL       _Delay_1us
;__Lib_Lcd.c,151 :: 		
0x0294	0x1286      	BCF        LCD_EN, BitPos(LCD_EN+0)
;__Lib_Lcd.c,152 :: 		
0x0295	0x2003      	CALL       _Delay_5500us
;__Lib_Lcd.c,155 :: 		
0x0296	0x1686      	BSF        LCD_EN, BitPos(LCD_EN+0)
;__Lib_Lcd.c,156 :: 		
0x0297	0x2017      	CALL       _Delay_1us
;__Lib_Lcd.c,157 :: 		
0x0298	0x1286      	BCF        LCD_EN, BitPos(LCD_EN+0)
;__Lib_Lcd.c,159 :: 		
0x0299	0x1406      	BSF        LCD_D4, BitPos(LCD_D4+0)
;__Lib_Lcd.c,160 :: 		
0x029A	0x1686      	BSF        LCD_EN, BitPos(LCD_EN+0)
;__Lib_Lcd.c,161 :: 		
0x029B	0x2017      	CALL       _Delay_1us
;__Lib_Lcd.c,162 :: 		
0x029C	0x1286      	BCF        LCD_EN, BitPos(LCD_EN+0)
;__Lib_Lcd.c,163 :: 		
0x029D	0x2003      	CALL       _Delay_5500us
;__Lib_Lcd.c,166 :: 		
0x029E	0x1006      	BCF        LCD_D4, BitPos(LCD_D4+0)
;__Lib_Lcd.c,167 :: 		
0x029F	0x1686      	BSF        LCD_EN, BitPos(LCD_EN+0)
;__Lib_Lcd.c,168 :: 		
0x02A0	0x2017      	CALL       _Delay_1us
;__Lib_Lcd.c,169 :: 		
0x02A1	0x1286      	BCF        LCD_EN, BitPos(LCD_EN+0)
;__Lib_Lcd.c,171 :: 		
0x02A2	0x1586      	BSF        LCD_D7, BitPos(LCD_D7+0)
;__Lib_Lcd.c,172 :: 		
0x02A3	0x1506      	BSF        LCD_D6, BitPos(LCD_D6+0)
;__Lib_Lcd.c,173 :: 		
0x02A4	0x1486      	BSF        LCD_D5, BitPos(LCD_D5+0)
;__Lib_Lcd.c,174 :: 		
0x02A5	0x1406      	BSF        LCD_D4, BitPos(LCD_D4+0)
;__Lib_Lcd.c,175 :: 		
0x02A6	0x1686      	BSF        LCD_EN, BitPos(LCD_EN+0)
;__Lib_Lcd.c,176 :: 		
0x02A7	0x2017      	CALL       _Delay_1us
;__Lib_Lcd.c,177 :: 		
0x02A8	0x1286      	BCF        LCD_EN, BitPos(LCD_EN+0)
;__Lib_Lcd.c,179 :: 		
0x02A9	0x2003      	CALL       _Delay_5500us
;__Lib_Lcd.c,181 :: 		
0x02AA	0x143E      	BSF        __Lib_Lcd_cmd_status, BitPos(__Lib_Lcd_cmd_status+0)
;__Lib_Lcd.c,182 :: 		
L_end_Lcd_Init:
0x02AB	0x0008      	RETURN
; end of _Lcd_Init
_rand:
;__Lib_CStdlib.c,307 :: 		
;__Lib_CStdlib.c,308 :: 		
0x02AC	0x1283      	BCF        STATUS, 5
0x02AD	0x1303      	BCF        STATUS, 6
0x02AE	0x083F      	MOVF       __Lib_CStdlib_randf, 0
0x02AF	0x1D03      	BTFSS      STATUS, 2
0x02B0	0x2AB7      	GOTO       L_rand75
;__Lib_CStdlib.c,309 :: 		
0x02B1	0x3001      	MOVLW      1
0x02B2	0x1683      	BSF        STATUS, 5
0x02B3	0x00A1      	MOVWF      FARG_srand_x
0x02B4	0x3000      	MOVLW      0
0x02B5	0x00A2      	MOVWF      FARG_srand_x+1
0x02B6	0x211C      	CALL       _srand
L_rand75:
;__Lib_CStdlib.c,310 :: 		
0x02B7	0x083A      	MOVF       __Lib_CStdlib_randx, 0
0x02B8	0x00F0      	MOVWF      R0
0x02B9	0x083B      	MOVF       __Lib_CStdlib_randx+1, 0
0x02BA	0x00F1      	MOVWF      R0+1
0x02BB	0x083C      	MOVF       __Lib_CStdlib_randx+2, 0
0x02BC	0x00F2      	MOVWF      R0+2
0x02BD	0x083D      	MOVF       __Lib_CStdlib_randx+3, 0
0x02BE	0x00F3      	MOVWF      R0+3
0x02BF	0x306D      	MOVLW      109
0x02C0	0x00F4      	MOVWF      R4
0x02C1	0x304E      	MOVLW      78
0x02C2	0x00F5      	MOVWF      R4+1
0x02C3	0x30C6      	MOVLW      198
0x02C4	0x00F6      	MOVWF      R4+2
0x02C5	0x3041      	MOVLW      65
0x02C6	0x00F7      	MOVWF      R4+3
0x02C7	0x20B9      	CALL       _Mul_32x32_U
0x02C8	0x3039      	MOVLW      57
0x02C9	0x00F5      	MOVWF      R5
0x02CA	0x3030      	MOVLW      48
0x02CB	0x00F6      	MOVWF      R5+1
0x02CC	0x01F7      	CLRF       R5+2
0x02CD	0x01F8      	CLRF       R5+3
0x02CE	0x0870      	MOVF       R0, 0
0x02CF	0x07F5      	ADDWF      R5, 1
0x02D0	0x0871      	MOVF       R0+1, 0
0x02D1	0x1803      	BTFSC      STATUS, 0
0x02D2	0x0F71      	INCFSZ     R0+1, 0
0x02D3	0x07F6      	ADDWF      R5+1, 1
0x02D4	0x0872      	MOVF       R0+2, 0
0x02D5	0x1803      	BTFSC      STATUS, 0
0x02D6	0x0F72      	INCFSZ     R0+2, 0
0x02D7	0x07F7      	ADDWF      R5+2, 1
0x02D8	0x0873      	MOVF       R0+3, 0
0x02D9	0x1803      	BTFSC      STATUS, 0
0x02DA	0x0F73      	INCFSZ     R0+3, 0
0x02DB	0x07F8      	ADDWF      R5+3, 1
0x02DC	0x0877      	MOVF       R5+2, 0
0x02DD	0x00F0      	MOVWF      R0
0x02DE	0x0878      	MOVF       R5+3, 0
0x02DF	0x00F1      	MOVWF      R0+1
0x02E0	0x3000      	MOVLW      0
0x02E1	0x1BF8      	BTFSC      R5+3, 7
0x02E2	0x30FF      	MOVLW      255
0x02E3	0x00F3      	MOVWF      R0+3
0x02E4	0x30FF      	MOVLW      255
0x02E5	0x05F0      	ANDWF      R0, 1
0x02E6	0x307F      	MOVLW      127
0x02E7	0x05F1      	ANDWF      R0+1, 1
0x02E8	0x3000      	MOVLW      0
0x02E9	0x05F2      	ANDWF      R0+2, 1
0x02EA	0x05F3      	ANDWF      R0+3, 1
0x02EB	0x0870      	MOVF       R0, 0
0x02EC	0x00BA      	MOVWF      __Lib_CStdlib_randx
0x02ED	0x0871      	MOVF       R0+1, 0
0x02EE	0x00BB      	MOVWF      __Lib_CStdlib_randx+1
0x02EF	0x0872      	MOVF       R0+2, 0
0x02F0	0x00BC      	MOVWF      __Lib_CStdlib_randx+2
0x02F1	0x0873      	MOVF       R0+3, 0
0x02F2	0x00BD      	MOVWF      __Lib_CStdlib_randx+3
;__Lib_CStdlib.c,311 :: 		
;__Lib_CStdlib.c,312 :: 		
L_end_rand:
0x02F3	0x0008      	RETURN
; end of _rand
_c_up:
;core.c,28 :: 		void c_up(char * num){
;core.c,29 :: 		if(*num == 2){
0x02F4	0x1283      	BCF        STATUS, 5
0x02F5	0x1303      	BCF        STATUS, 6
0x02F6	0x086D      	MOVF       FARG_c_up_num, 0
0x02F7	0x0084      	MOVWF      FSR
0x02F8	0x0800      	MOVF       INDF, 0
0x02F9	0x3A02      	XORLW      2
0x02FA	0x1D03      	BTFSS      STATUS, 2
0x02FB	0x2B05      	GOTO       L_c_up4
;core.c,30 :: 		*num = *num -1;
0x02FC	0x086D      	MOVF       FARG_c_up_num, 0
0x02FD	0x0084      	MOVWF      FSR
0x02FE	0x0300      	DECF       INDF, 0
0x02FF	0x00F0      	MOVWF      R0
0x0300	0x086D      	MOVF       FARG_c_up_num, 0
0x0301	0x0084      	MOVWF      FSR
0x0302	0x0870      	MOVF       R0, 0
0x0303	0x0080      	MOVWF      INDF
;core.c,31 :: 		pntCr();
0x0304	0x212A      	CALL       _pntCr
;core.c,32 :: 		}
L_c_up4:
;core.c,33 :: 		}
L_end_c_up:
0x0305	0x0008      	RETURN
; end of _c_up
___CC2DW:
;__Lib_System.c,134 :: 		
;__Lib_System.c,137 :: 		
_CC2D_Loop1:
;__Lib_System.c,139 :: 		
0x0306	0x20B2      	CALL       _____DoICP
0x0307	0x118A      	BCF        PCLATH, 3
0x0308	0x120A      	BCF        PCLATH, 4
;__Lib_System.c,141 :: 		
0x0309	0x0080      	MOVWF      INDF
;__Lib_System.c,142 :: 		
0x030A	0x0A84      	INCF       FSR, 1
;__Lib_System.c,143 :: 		
0x030B	0x0AB8      	INCF       ___DoICPAddr, 1
;__Lib_System.c,145 :: 		
0x030C	0x1903      	BTFSC      STATUS, 2
;__Lib_System.c,146 :: 		
0x030D	0x0AB9      	INCF       ___DoICPAddr+1, 1
;__Lib_System.c,147 :: 		
0x030E	0x03F0      	DECF       R0, 1
;__Lib_System.c,149 :: 		
0x030F	0x1D03      	BTFSS      STATUS, 2
;__Lib_System.c,150 :: 		
0x0310	0x2B06      	GOTO       _CC2D_Loop1
;__Lib_System.c,152 :: 		
L_end___CC2DW:
0x0311	0x0008      	RETURN
; end of ___CC2DW
_Div_8x8_U:
;__Lib_Math.c,189 :: 		
;__Lib_Math.c,196 :: 		
0x0312	0x1283      	BCF        STATUS, 5
;__Lib_Math.c,197 :: 		
0x0313	0x1303      	BCF        STATUS, 6
;__Lib_Math.c,198 :: 		
0x0314	0x01F8      	CLRF       R8
;__Lib_Math.c,199 :: 		
0x0315	0x3008      	MOVLW      8
;__Lib_Math.c,200 :: 		
0x0316	0x00FC      	MOVWF      R12
;__Lib_Math.c,201 :: 		
0x0317	0x0D70      	RLF        R0, 0
;__Lib_Math.c,202 :: 		
0x0318	0x0DF8      	RLF        R8, 1
;__Lib_Math.c,203 :: 		
0x0319	0x0874      	MOVF       R4, 0
;__Lib_Math.c,204 :: 		
0x031A	0x02F8      	SUBWF      R8, 1
;__Lib_Math.c,205 :: 		
0x031B	0x1803      	BTFSC      STATUS, 0
;__Lib_Math.c,206 :: 		
0x031C	0x2B1F      	GOTO       $+3
;__Lib_Math.c,207 :: 		
0x031D	0x07F8      	ADDWF      R8, 1
;__Lib_Math.c,208 :: 		
0x031E	0x1003      	BCF        STATUS, 0
;__Lib_Math.c,209 :: 		
0x031F	0x0DF0      	RLF        R0, 1
;__Lib_Math.c,210 :: 		
0x0320	0x0BFC      	DECFSZ     R12, 1
;__Lib_Math.c,211 :: 		
0x0321	0x2B17      	GOTO       $-10
;__Lib_Math.c,213 :: 		
L_end_Div_8x8_U:
0x0322	0x0008      	RETURN
; end of _Div_8x8_U
_c_down:
;core.c,21 :: 		void c_down(char * num){
;core.c,22 :: 		if(*num == 1){
0x0323	0x1283      	BCF        STATUS, 5
0x0324	0x1303      	BCF        STATUS, 6
0x0325	0x086D      	MOVF       FARG_c_down_num, 0
0x0326	0x0084      	MOVWF      FSR
0x0327	0x0800      	MOVF       INDF, 0
0x0328	0x3A01      	XORLW      1
0x0329	0x1D03      	BTFSS      STATUS, 2
0x032A	0x2B34      	GOTO       L_c_down3
;core.c,23 :: 		*num = *num +1;
0x032B	0x086D      	MOVF       FARG_c_down_num, 0
0x032C	0x0084      	MOVWF      FSR
0x032D	0x0A00      	INCF       INDF, 0
0x032E	0x00F0      	MOVWF      R0
0x032F	0x086D      	MOVF       FARG_c_down_num, 0
0x0330	0x0084      	MOVWF      FSR
0x0331	0x0870      	MOVF       R0, 0
0x0332	0x0080      	MOVWF      INDF
;core.c,24 :: 		pntCr();
0x0333	0x212A      	CALL       _pntCr
;core.c,25 :: 		}
L_c_down3:
;core.c,26 :: 		}
L_end_c_down:
0x0334	0x0008      	RETURN
; end of _c_down
_main:
0x0335	0x25B4      	CALL       1460
;RaceGame.c,19 :: 		void main() {
;RaceGame.c,23 :: 		ANSEL  = 0;                        // Configure AN pins as digital I/O
0x0336	0x1683      	BSF        STATUS, 5
0x0337	0x1703      	BSF        STATUS, 6
0x0338	0x0188      	CLRF       ANSEL
;RaceGame.c,24 :: 		ANSELH = 0;
0x0339	0x0189      	CLRF       ANSELH
;RaceGame.c,25 :: 		C1ON_bit = 0;                      // Disable comparators
0x033A	0x1283      	BCF        STATUS, 5
0x033B	0x1387      	BCF        C1ON_bit, BitPos(C1ON_bit+0)
;RaceGame.c,26 :: 		C2ON_bit = 0;
0x033C	0x1388      	BCF        C2ON_bit, BitPos(C2ON_bit+0)
;RaceGame.c,28 :: 		TRISC = 0b11110000;                //4,5,6,7 are input
0x033D	0x30F0      	MOVLW      240
0x033E	0x1683      	BSF        STATUS, 5
0x033F	0x1303      	BCF        STATUS, 6
0x0340	0x0087      	MOVWF      TRISC
;RaceGame.c,31 :: 		Lcd_Init();
0x0341	0x225E      	CALL       _Lcd_Init
;RaceGame.c,32 :: 		Lcd_Cmd(_LCD_CLEAR);
0x0342	0x3001      	MOVLW      1
0x0343	0x1683      	BSF        STATUS, 5
0x0344	0x00A6      	MOVWF      FARG_Lcd_Cmd_out_char
0x0345	0x201A      	CALL       _Lcd_Cmd
;RaceGame.c,33 :: 		Lcd_Cmd(_LCD_CURSOR_OFF);
0x0346	0x300C      	MOVLW      12
0x0347	0x1683      	BSF        STATUS, 5
0x0348	0x00A6      	MOVWF      FARG_Lcd_Cmd_out_char
0x0349	0x201A      	CALL       _Lcd_Cmd
;RaceGame.c,36 :: 		start:
___main_start:
;RaceGame.c,38 :: 		c_row = 1;
0x034A	0x3001      	MOVLW      1
0x034B	0x00A1      	MOVWF      _c_row
;RaceGame.c,39 :: 		c_col = 1;
0x034C	0x3001      	MOVLW      1
0x034D	0x00A0      	MOVWF      _c_col
;RaceGame.c,40 :: 		valid = 0;
0x034E	0x01E8      	CLRF       _valid
;RaceGame.c,41 :: 		counter = 0;
0x034F	0x01EB      	CLRF       _counter
;RaceGame.c,43 :: 		for( i = 0 ; i < MAX_EN ; i++){
0x0350	0x01E9      	CLRF       _i
0x0351	0x01EA      	CLRF       _i+1
L_main0:
0x0352	0x3080      	MOVLW      128
0x0353	0x066A      	XORWF      _i+1, 0
0x0354	0x00F0      	MOVWF      R0
0x0355	0x3080      	MOVLW      128
0x0356	0x0270      	SUBWF      R0, 0
0x0357	0x1D03      	BTFSS      STATUS, 2
0x0358	0x2B5B      	GOTO       L__main49
0x0359	0x300A      	MOVLW      10
0x035A	0x0269      	SUBWF      _i, 0
L__main49:
0x035B	0x1803      	BTFSC      STATUS, 0
0x035C	0x2B83      	GOTO       L_main1
;RaceGame.c,44 :: 		enemies[i].col = 0;
0x035D	0x0869      	MOVF       _i, 0
0x035E	0x00F0      	MOVWF      R0
0x035F	0x086A      	MOVF       _i+1, 0
0x0360	0x00F1      	MOVWF      R0+1
0x0361	0x0DF0      	RLF        R0, 1
0x0362	0x0DF1      	RLF        R0+1, 1
0x0363	0x1070      	BCF        R0, 0
0x0364	0x0DF0      	RLF        R0, 1
0x0365	0x0DF1      	RLF        R0+1, 1
0x0366	0x1070      	BCF        R0, 0
0x0367	0x3040      	MOVLW      _enemies
0x0368	0x07F0      	ADDWF      R0, 1
0x0369	0x3002      	MOVLW      2
0x036A	0x0770      	ADDWF      R0, 0
0x036B	0x0084      	MOVWF      FSR
0x036C	0x0180      	CLRF       INDF
0x036D	0x0A84      	INCF       FSR, 1
0x036E	0x0180      	CLRF       INDF
;RaceGame.c,45 :: 		enemies[i].row = 0;
0x036F	0x0869      	MOVF       _i, 0
0x0370	0x00F0      	MOVWF      R0
0x0371	0x086A      	MOVF       _i+1, 0
0x0372	0x00F1      	MOVWF      R0+1
0x0373	0x0DF0      	RLF        R0, 1
0x0374	0x0DF1      	RLF        R0+1, 1
0x0375	0x1070      	BCF        R0, 0
0x0376	0x0DF0      	RLF        R0, 1
0x0377	0x0DF1      	RLF        R0+1, 1
0x0378	0x1070      	BCF        R0, 0
0x0379	0x0870      	MOVF       R0, 0
0x037A	0x3E40      	ADDLW      _enemies
0x037B	0x0084      	MOVWF      FSR
0x037C	0x0180      	CLRF       INDF
0x037D	0x0A84      	INCF       FSR, 1
0x037E	0x0180      	CLRF       INDF
;RaceGame.c,43 :: 		for( i = 0 ; i < MAX_EN ; i++){
0x037F	0x0AE9      	INCF       _i, 1
0x0380	0x1903      	BTFSC      STATUS, 2
0x0381	0x0AEA      	INCF       _i+1, 1
;RaceGame.c,46 :: 		}
0x0382	0x2B52      	GOTO       L_main0
L_main1:
;RaceGame.c,48 :: 		Lcd_Cmd(_LCD_CLEAR);
0x0383	0x3001      	MOVLW      1
0x0384	0x1683      	BSF        STATUS, 5
0x0385	0x00A6      	MOVWF      FARG_Lcd_Cmd_out_char
0x0386	0x201A      	CALL       _Lcd_Cmd
;RaceGame.c,49 :: 		Lcd_Out(1,4,beginTxt);
0x0387	0x3001      	MOVLW      1
0x0388	0x00ED      	MOVWF      FARG_Lcd_Out_row
0x0389	0x3004      	MOVLW      4
0x038A	0x00EE      	MOVWF      FARG_Lcd_Out_column
0x038B	0x0823      	MOVF       _beginTxt, 0
0x038C	0x00EF      	MOVWF      FARG_Lcd_Out_text
0x038D	0x217B      	CALL       _Lcd_Out
;RaceGame.c,50 :: 		Delay_ms(1000);
0x038E	0x300B      	MOVLW      11
0x038F	0x00FB      	MOVWF      R11
0x0390	0x3026      	MOVLW      38
0x0391	0x00FC      	MOVWF      R12
0x0392	0x305D      	MOVLW      93
0x0393	0x00FD      	MOVWF      R13
L_main3:
0x0394	0x0BFD      	DECFSZ     R13, 1
0x0395	0x2B94      	GOTO       L_main3
0x0396	0x0BFC      	DECFSZ     R12, 1
0x0397	0x2B94      	GOTO       L_main3
0x0398	0x0BFB      	DECFSZ     R11, 1
0x0399	0x2B94      	GOTO       L_main3
0x039A	0x0000      	NOP
0x039B	0x0000      	NOP
;RaceGame.c,53 :: 		while(1){
L_main4:
;RaceGame.c,56 :: 		if( counter%10 == 0 ){
0x039C	0x300A      	MOVLW      10
0x039D	0x00F4      	MOVWF      R4
0x039E	0x086B      	MOVF       _counter, 0
0x039F	0x00F0      	MOVWF      R0
0x03A0	0x2312      	CALL       _Div_8x8_U
0x03A1	0x0878      	MOVF       R8, 0
0x03A2	0x00F0      	MOVWF      R0
0x03A3	0x0870      	MOVF       R0, 0
0x03A4	0x3A00      	XORLW      0
0x03A5	0x1D03      	BTFSS      STATUS, 2
0x03A6	0x2C98      	GOTO       L_main6
;RaceGame.c,59 :: 		if(counter == 20){
0x03A7	0x086B      	MOVF       _counter, 0
0x03A8	0x3A14      	XORLW      20
0x03A9	0x1D03      	BTFSS      STATUS, 2
0x03AA	0x2BE0      	GOTO       L_main7
;RaceGame.c,62 :: 		counter = 0;
0x03AB	0x01EB      	CLRF       _counter
;RaceGame.c,63 :: 		enemies[valid].col = 17;
0x03AC	0x0868      	MOVF       _valid, 0
0x03AD	0x00F0      	MOVWF      R0
0x03AE	0x0DF0      	RLF        R0, 1
0x03AF	0x1070      	BCF        R0, 0
0x03B0	0x0DF0      	RLF        R0, 1
0x03B1	0x1070      	BCF        R0, 0
0x03B2	0x3040      	MOVLW      _enemies
0x03B3	0x07F0      	ADDWF      R0, 1
0x03B4	0x3002      	MOVLW      2
0x03B5	0x0770      	ADDWF      R0, 0
0x03B6	0x0084      	MOVWF      FSR
0x03B7	0x3011      	MOVLW      17
0x03B8	0x0080      	MOVWF      INDF
0x03B9	0x3000      	MOVLW      0
0x03BA	0x0A84      	INCF       FSR, 1
0x03BB	0x0080      	MOVWF      INDF
;RaceGame.c,65 :: 		enemies[valid].row = rand()%2+1;
0x03BC	0x0868      	MOVF       _valid, 0
0x03BD	0x00F0      	MOVWF      R0
0x03BE	0x0DF0      	RLF        R0, 1
0x03BF	0x1070      	BCF        R0, 0
0x03C0	0x0DF0      	RLF        R0, 1
0x03C1	0x1070      	BCF        R0, 0
0x03C2	0x3040      	MOVLW      _enemies
0x03C3	0x07F0      	ADDWF      R0, 1
0x03C4	0x0870      	MOVF       R0, 0
0x03C5	0x00EC      	MOVWF      FLOC__main
0x03C6	0x22AC      	CALL       _rand
0x03C7	0x3002      	MOVLW      2
0x03C8	0x00F4      	MOVWF      R4
0x03C9	0x3000      	MOVLW      0
0x03CA	0x00F5      	MOVWF      R4+1
0x03CB	0x21C9      	CALL       _Div_16x16_S
0x03CC	0x0878      	MOVF       R8, 0
0x03CD	0x00F0      	MOVWF      R0
0x03CE	0x0879      	MOVF       R8+1, 0
0x03CF	0x00F1      	MOVWF      R0+1
0x03D0	0x0AF0      	INCF       R0, 1
0x03D1	0x1903      	BTFSC      STATUS, 2
0x03D2	0x0AF1      	INCF       R0+1, 1
0x03D3	0x086C      	MOVF       FLOC__main, 0
0x03D4	0x0084      	MOVWF      FSR
0x03D5	0x0870      	MOVF       R0, 0
0x03D6	0x0080      	MOVWF      INDF
0x03D7	0x0871      	MOVF       R0+1, 0
0x03D8	0x0A84      	INCF       FSR, 1
0x03D9	0x0080      	MOVWF      INDF
;RaceGame.c,66 :: 		valid++;
0x03DA	0x0AE8      	INCF       _valid, 1
;RaceGame.c,69 :: 		if(valid == MAX_EN-1)
0x03DB	0x0868      	MOVF       _valid, 0
0x03DC	0x3A09      	XORLW      9
0x03DD	0x1D03      	BTFSS      STATUS, 2
0x03DE	0x2BE0      	GOTO       L_main8
;RaceGame.c,70 :: 		valid = 0;
0x03DF	0x01E8      	CLRF       _valid
L_main8:
;RaceGame.c,71 :: 		}
L_main7:
;RaceGame.c,74 :: 		for( i = 0 ; i < MAX_EN ; i++)
0x03E0	0x01E9      	CLRF       _i
0x03E1	0x01EA      	CLRF       _i+1
L_main9:
0x03E2	0x3080      	MOVLW      128
0x03E3	0x066A      	XORWF      _i+1, 0
0x03E4	0x00F0      	MOVWF      R0
0x03E5	0x3080      	MOVLW      128
0x03E6	0x0270      	SUBWF      R0, 0
0x03E7	0x1D03      	BTFSS      STATUS, 2
0x03E8	0x2BEB      	GOTO       L__main50
0x03E9	0x300A      	MOVLW      10
0x03EA	0x0269      	SUBWF      _i, 0
L__main50:
0x03EB	0x1803      	BTFSC      STATUS, 0
0x03EC	0x2C12      	GOTO       L_main10
;RaceGame.c,75 :: 		enemies[i].col =  enemies[i].col - 1;
0x03ED	0x0869      	MOVF       _i, 0
0x03EE	0x00F0      	MOVWF      R0
0x03EF	0x086A      	MOVF       _i+1, 0
0x03F0	0x00F1      	MOVWF      R0+1
0x03F1	0x0DF0      	RLF        R0, 1
0x03F2	0x0DF1      	RLF        R0+1, 1
0x03F3	0x1070      	BCF        R0, 0
0x03F4	0x0DF0      	RLF        R0, 1
0x03F5	0x0DF1      	RLF        R0+1, 1
0x03F6	0x1070      	BCF        R0, 0
0x03F7	0x3040      	MOVLW      _enemies
0x03F8	0x07F0      	ADDWF      R0, 1
0x03F9	0x3002      	MOVLW      2
0x03FA	0x0770      	ADDWF      R0, 0
0x03FB	0x00F2      	MOVWF      R2
0x03FC	0x0872      	MOVF       R2, 0
0x03FD	0x0084      	MOVWF      FSR
0x03FE	0x3001      	MOVLW      1
0x03FF	0x0200      	SUBWF      INDF, 0
0x0400	0x00F0      	MOVWF      R0
0x0401	0x3000      	MOVLW      0
0x0402	0x1C03      	BTFSS      STATUS, 0
0x0403	0x3E01      	ADDLW      1
0x0404	0x0A84      	INCF       FSR, 1
0x0405	0x0200      	SUBWF      INDF, 0
0x0406	0x00F1      	MOVWF      R0+1
0x0407	0x0872      	MOVF       R2, 0
0x0408	0x0084      	MOVWF      FSR
0x0409	0x0870      	MOVF       R0, 0
0x040A	0x0080      	MOVWF      INDF
0x040B	0x0871      	MOVF       R0+1, 0
0x040C	0x0A84      	INCF       FSR, 1
0x040D	0x0080      	MOVWF      INDF
;RaceGame.c,74 :: 		for( i = 0 ; i < MAX_EN ; i++)
0x040E	0x0AE9      	INCF       _i, 1
0x040F	0x1903      	BTFSC      STATUS, 2
0x0410	0x0AEA      	INCF       _i+1, 1
;RaceGame.c,75 :: 		enemies[i].col =  enemies[i].col - 1;
0x0411	0x2BE2      	GOTO       L_main9
L_main10:
;RaceGame.c,78 :: 		for(i = 0 ; i < MAX_EN ; i++){
0x0412	0x01E9      	CLRF       _i
0x0413	0x01EA      	CLRF       _i+1
L_main12:
0x0414	0x3080      	MOVLW      128
0x0415	0x066A      	XORWF      _i+1, 0
0x0416	0x00F0      	MOVWF      R0
0x0417	0x3080      	MOVLW      128
0x0418	0x0270      	SUBWF      R0, 0
0x0419	0x1D03      	BTFSS      STATUS, 2
0x041A	0x2C1D      	GOTO       L__main51
0x041B	0x300A      	MOVLW      10
0x041C	0x0269      	SUBWF      _i, 0
L__main51:
0x041D	0x1803      	BTFSC      STATUS, 0
0x041E	0x2C6F      	GOTO       L_main13
;RaceGame.c,81 :: 		if(enemies[i].row == c_row && enemies[i].col == c_col){
0x041F	0x0869      	MOVF       _i, 0
0x0420	0x00F0      	MOVWF      R0
0x0421	0x086A      	MOVF       _i+1, 0
0x0422	0x00F1      	MOVWF      R0+1
0x0423	0x0DF0      	RLF        R0, 1
0x0424	0x0DF1      	RLF        R0+1, 1
0x0425	0x1070      	BCF        R0, 0
0x0426	0x0DF0      	RLF        R0, 1
0x0427	0x0DF1      	RLF        R0+1, 1
0x0428	0x1070      	BCF        R0, 0
0x0429	0x0870      	MOVF       R0, 0
0x042A	0x3E40      	ADDLW      _enemies
0x042B	0x0084      	MOVWF      FSR
0x042C	0x0800      	MOVF       INDF, 0
0x042D	0x00F1      	MOVWF      R1
0x042E	0x0A84      	INCF       FSR, 1
0x042F	0x0800      	MOVF       INDF, 0
0x0430	0x00F2      	MOVWF      R1+1
0x0431	0x3000      	MOVLW      0
0x0432	0x0672      	XORWF      R1+1, 0
0x0433	0x1D03      	BTFSS      STATUS, 2
0x0434	0x2C37      	GOTO       L__main52
0x0435	0x0821      	MOVF       _c_row, 0
0x0436	0x0671      	XORWF      R1, 0
L__main52:
0x0437	0x1D03      	BTFSS      STATUS, 2
0x0438	0x2C6B      	GOTO       L_main17
0x0439	0x0869      	MOVF       _i, 0
0x043A	0x00F0      	MOVWF      R0
0x043B	0x086A      	MOVF       _i+1, 0
0x043C	0x00F1      	MOVWF      R0+1
0x043D	0x0DF0      	RLF        R0, 1
0x043E	0x0DF1      	RLF        R0+1, 1
0x043F	0x1070      	BCF        R0, 0
0x0440	0x0DF0      	RLF        R0, 1
0x0441	0x0DF1      	RLF        R0+1, 1
0x0442	0x1070      	BCF        R0, 0
0x0443	0x3040      	MOVLW      _enemies
0x0444	0x07F0      	ADDWF      R0, 1
0x0445	0x3002      	MOVLW      2
0x0446	0x0770      	ADDWF      R0, 0
0x0447	0x0084      	MOVWF      FSR
0x0448	0x0800      	MOVF       INDF, 0
0x0449	0x00F1      	MOVWF      R1
0x044A	0x0A84      	INCF       FSR, 1
0x044B	0x0800      	MOVF       INDF, 0
0x044C	0x00F2      	MOVWF      R1+1
0x044D	0x3000      	MOVLW      0
0x044E	0x0672      	XORWF      R1+1, 0
0x044F	0x1D03      	BTFSS      STATUS, 2
0x0450	0x2C53      	GOTO       L__main53
0x0451	0x0820      	MOVF       _c_col, 0
0x0452	0x0671      	XORWF      R1, 0
L__main53:
0x0453	0x1D03      	BTFSS      STATUS, 2
0x0454	0x2C6B      	GOTO       L_main17
L__main47:
;RaceGame.c,83 :: 		clr();
0x0455	0x21C3      	CALL       _clr
;RaceGame.c,84 :: 		Lcd_Out(2,4,endTxt);
0x0456	0x3002      	MOVLW      2
0x0457	0x00ED      	MOVWF      FARG_Lcd_Out_row
0x0458	0x3004      	MOVLW      4
0x0459	0x00EE      	MOVWF      FARG_Lcd_Out_column
0x045A	0x0822      	MOVF       _endTxt, 0
0x045B	0x00EF      	MOVWF      FARG_Lcd_Out_text
0x045C	0x217B      	CALL       _Lcd_Out
;RaceGame.c,85 :: 		Delay_ms(2000);
0x045D	0x3015      	MOVLW      21
0x045E	0x00FB      	MOVWF      R11
0x045F	0x304B      	MOVLW      75
0x0460	0x00FC      	MOVWF      R12
0x0461	0x30BE      	MOVLW      190
0x0462	0x00FD      	MOVWF      R13
L_main18:
0x0463	0x0BFD      	DECFSZ     R13, 1
0x0464	0x2C63      	GOTO       L_main18
0x0465	0x0BFC      	DECFSZ     R12, 1
0x0466	0x2C63      	GOTO       L_main18
0x0467	0x0BFB      	DECFSZ     R11, 1
0x0468	0x2C63      	GOTO       L_main18
0x0469	0x0000      	NOP
;RaceGame.c,87 :: 		goto start;
0x046A	0x2B4A      	GOTO       ___main_start
;RaceGame.c,89 :: 		}
L_main17:
;RaceGame.c,78 :: 		for(i = 0 ; i < MAX_EN ; i++){
0x046B	0x0AE9      	INCF       _i, 1
0x046C	0x1903      	BTFSC      STATUS, 2
0x046D	0x0AEA      	INCF       _i+1, 1
;RaceGame.c,91 :: 		}
0x046E	0x2C14      	GOTO       L_main12
L_main13:
;RaceGame.c,94 :: 		clr();
0x046F	0x21C3      	CALL       _clr
;RaceGame.c,95 :: 		pntCr();
0x0470	0x212A      	CALL       _pntCr
;RaceGame.c,97 :: 		for( i = 0 ; i < MAX_EN ; i++)
0x0471	0x01E9      	CLRF       _i
0x0472	0x01EA      	CLRF       _i+1
L_main19:
0x0473	0x3080      	MOVLW      128
0x0474	0x066A      	XORWF      _i+1, 0
0x0475	0x00F0      	MOVWF      R0
0x0476	0x3080      	MOVLW      128
0x0477	0x0270      	SUBWF      R0, 0
0x0478	0x1D03      	BTFSS      STATUS, 2
0x0479	0x2C7C      	GOTO       L__main54
0x047A	0x300A      	MOVLW      10
0x047B	0x0269      	SUBWF      _i, 0
L__main54:
0x047C	0x1803      	BTFSC      STATUS, 0
0x047D	0x2C98      	GOTO       L_main20
;RaceGame.c,98 :: 		pntEn(enemies[i].row,enemies[i].col);
0x047E	0x0869      	MOVF       _i, 0
0x047F	0x00F0      	MOVWF      R0
0x0480	0x086A      	MOVF       _i+1, 0
0x0481	0x00F1      	MOVWF      R0+1
0x0482	0x0DF0      	RLF        R0, 1
0x0483	0x0DF1      	RLF        R0+1, 1
0x0484	0x1070      	BCF        R0, 0
0x0485	0x0DF0      	RLF        R0, 1
0x0486	0x0DF1      	RLF        R0+1, 1
0x0487	0x1070      	BCF        R0, 0
0x0488	0x3040      	MOVLW      _enemies
0x0489	0x07F0      	ADDWF      R0, 1
0x048A	0x0870      	MOVF       R0, 0
0x048B	0x0084      	MOVWF      FSR
0x048C	0x0800      	MOVF       INDF, 0
0x048D	0x00ED      	MOVWF      FARG_pntEn_pos_row
0x048E	0x3002      	MOVLW      2
0x048F	0x0770      	ADDWF      R0, 0
0x0490	0x0084      	MOVWF      FSR
0x0491	0x0800      	MOVF       INDF, 0
0x0492	0x00EE      	MOVWF      FARG_pntEn_pos_char
0x0493	0x2232      	CALL       _pntEn
;RaceGame.c,97 :: 		for( i = 0 ; i < MAX_EN ; i++)
0x0494	0x0AE9      	INCF       _i, 1
0x0495	0x1903      	BTFSC      STATUS, 2
0x0496	0x0AEA      	INCF       _i+1, 1
;RaceGame.c,98 :: 		pntEn(enemies[i].row,enemies[i].col);
0x0497	0x2C73      	GOTO       L_main19
L_main20:
;RaceGame.c,100 :: 		}
L_main6:
;RaceGame.c,105 :: 		if(RC5_bit == 1 ){
0x0498	0x1E87      	BTFSS      RC5_bit, BitPos(RC5_bit+0)
0x0499	0x2CD1      	GOTO       L_main22
;RaceGame.c,107 :: 		Delay_ms(5);
0x049A	0x300D      	MOVLW      13
0x049B	0x00FC      	MOVWF      R12
0x049C	0x30FB      	MOVLW      251
0x049D	0x00FD      	MOVWF      R13
L_main23:
0x049E	0x0BFD      	DECFSZ     R13, 1
0x049F	0x2C9E      	GOTO       L_main23
0x04A0	0x0BFC      	DECFSZ     R12, 1
0x04A1	0x2C9E      	GOTO       L_main23
0x04A2	0x0000      	NOP
0x04A3	0x0000      	NOP
;RaceGame.c,109 :: 		if(RC5_bit == 1){
0x04A4	0x1E87      	BTFSS      RC5_bit, BitPos(RC5_bit+0)
0x04A5	0x2CD1      	GOTO       L_main24
;RaceGame.c,111 :: 		clr();
0x04A6	0x21C3      	CALL       _clr
;RaceGame.c,112 :: 		c_up(&c_row);
0x04A7	0x3021      	MOVLW      _c_row
0x04A8	0x00ED      	MOVWF      FARG_c_up_num
0x04A9	0x22F4      	CALL       _c_up
;RaceGame.c,113 :: 		for( i = 0 ; i < MAX_EN ; i++)
0x04AA	0x01E9      	CLRF       _i
0x04AB	0x01EA      	CLRF       _i+1
L_main25:
0x04AC	0x3080      	MOVLW      128
0x04AD	0x066A      	XORWF      _i+1, 0
0x04AE	0x00F0      	MOVWF      R0
0x04AF	0x3080      	MOVLW      128
0x04B0	0x0270      	SUBWF      R0, 0
0x04B1	0x1D03      	BTFSS      STATUS, 2
0x04B2	0x2CB5      	GOTO       L__main55
0x04B3	0x300A      	MOVLW      10
0x04B4	0x0269      	SUBWF      _i, 0
L__main55:
0x04B5	0x1803      	BTFSC      STATUS, 0
0x04B6	0x2CD1      	GOTO       L_main26
;RaceGame.c,114 :: 		pntEn(enemies[i].row,enemies[i].col);
0x04B7	0x0869      	MOVF       _i, 0
0x04B8	0x00F0      	MOVWF      R0
0x04B9	0x086A      	MOVF       _i+1, 0
0x04BA	0x00F1      	MOVWF      R0+1
0x04BB	0x0DF0      	RLF        R0, 1
0x04BC	0x0DF1      	RLF        R0+1, 1
0x04BD	0x1070      	BCF        R0, 0
0x04BE	0x0DF0      	RLF        R0, 1
0x04BF	0x0DF1      	RLF        R0+1, 1
0x04C0	0x1070      	BCF        R0, 0
0x04C1	0x3040      	MOVLW      _enemies
0x04C2	0x07F0      	ADDWF      R0, 1
0x04C3	0x0870      	MOVF       R0, 0
0x04C4	0x0084      	MOVWF      FSR
0x04C5	0x0800      	MOVF       INDF, 0
0x04C6	0x00ED      	MOVWF      FARG_pntEn_pos_row
0x04C7	0x3002      	MOVLW      2
0x04C8	0x0770      	ADDWF      R0, 0
0x04C9	0x0084      	MOVWF      FSR
0x04CA	0x0800      	MOVF       INDF, 0
0x04CB	0x00EE      	MOVWF      FARG_pntEn_pos_char
0x04CC	0x2232      	CALL       _pntEn
;RaceGame.c,113 :: 		for( i = 0 ; i < MAX_EN ; i++)
0x04CD	0x0AE9      	INCF       _i, 1
0x04CE	0x1903      	BTFSC      STATUS, 2
0x04CF	0x0AEA      	INCF       _i+1, 1
;RaceGame.c,114 :: 		pntEn(enemies[i].row,enemies[i].col);
0x04D0	0x2CAC      	GOTO       L_main25
L_main26:
;RaceGame.c,116 :: 		}
L_main24:
;RaceGame.c,118 :: 		}
L_main22:
;RaceGame.c,121 :: 		if(RC4_bit == 1 ){
0x04D1	0x1E07      	BTFSS      RC4_bit, BitPos(RC4_bit+0)
0x04D2	0x2D0A      	GOTO       L_main28
;RaceGame.c,123 :: 		Delay_ms(5);
0x04D3	0x300D      	MOVLW      13
0x04D4	0x00FC      	MOVWF      R12
0x04D5	0x30FB      	MOVLW      251
0x04D6	0x00FD      	MOVWF      R13
L_main29:
0x04D7	0x0BFD      	DECFSZ     R13, 1
0x04D8	0x2CD7      	GOTO       L_main29
0x04D9	0x0BFC      	DECFSZ     R12, 1
0x04DA	0x2CD7      	GOTO       L_main29
0x04DB	0x0000      	NOP
0x04DC	0x0000      	NOP
;RaceGame.c,125 :: 		if(RC4_bit == 1) {
0x04DD	0x1E07      	BTFSS      RC4_bit, BitPos(RC4_bit+0)
0x04DE	0x2D0A      	GOTO       L_main30
;RaceGame.c,127 :: 		clr();
0x04DF	0x21C3      	CALL       _clr
;RaceGame.c,128 :: 		c_down(&c_row);
0x04E0	0x3021      	MOVLW      _c_row
0x04E1	0x00ED      	MOVWF      FARG_c_down_num
0x04E2	0x2323      	CALL       _c_down
;RaceGame.c,129 :: 		for( i = 0 ; i < MAX_EN ; i++)
0x04E3	0x01E9      	CLRF       _i
0x04E4	0x01EA      	CLRF       _i+1
L_main31:
0x04E5	0x3080      	MOVLW      128
0x04E6	0x066A      	XORWF      _i+1, 0
0x04E7	0x00F0      	MOVWF      R0
0x04E8	0x3080      	MOVLW      128
0x04E9	0x0270      	SUBWF      R0, 0
0x04EA	0x1D03      	BTFSS      STATUS, 2
0x04EB	0x2CEE      	GOTO       L__main56
0x04EC	0x300A      	MOVLW      10
0x04ED	0x0269      	SUBWF      _i, 0
L__main56:
0x04EE	0x1803      	BTFSC      STATUS, 0
0x04EF	0x2D0A      	GOTO       L_main32
;RaceGame.c,130 :: 		pntEn(enemies[i].row,enemies[i].col);
0x04F0	0x0869      	MOVF       _i, 0
0x04F1	0x00F0      	MOVWF      R0
0x04F2	0x086A      	MOVF       _i+1, 0
0x04F3	0x00F1      	MOVWF      R0+1
0x04F4	0x0DF0      	RLF        R0, 1
0x04F5	0x0DF1      	RLF        R0+1, 1
0x04F6	0x1070      	BCF        R0, 0
0x04F7	0x0DF0      	RLF        R0, 1
0x04F8	0x0DF1      	RLF        R0+1, 1
0x04F9	0x1070      	BCF        R0, 0
0x04FA	0x3040      	MOVLW      _enemies
0x04FB	0x07F0      	ADDWF      R0, 1
0x04FC	0x0870      	MOVF       R0, 0
0x04FD	0x0084      	MOVWF      FSR
0x04FE	0x0800      	MOVF       INDF, 0
0x04FF	0x00ED      	MOVWF      FARG_pntEn_pos_row
0x0500	0x3002      	MOVLW      2
0x0501	0x0770      	ADDWF      R0, 0
0x0502	0x0084      	MOVWF      FSR
0x0503	0x0800      	MOVF       INDF, 0
0x0504	0x00EE      	MOVWF      FARG_pntEn_pos_char
0x0505	0x2232      	CALL       _pntEn
;RaceGame.c,129 :: 		for( i = 0 ; i < MAX_EN ; i++)
0x0506	0x0AE9      	INCF       _i, 1
0x0507	0x1903      	BTFSC      STATUS, 2
0x0508	0x0AEA      	INCF       _i+1, 1
;RaceGame.c,130 :: 		pntEn(enemies[i].row,enemies[i].col);
0x0509	0x2CE5      	GOTO       L_main31
L_main32:
;RaceGame.c,131 :: 		}
L_main30:
;RaceGame.c,132 :: 		}
L_main28:
;RaceGame.c,135 :: 		if(RC6_bit == 1 ){
0x050A	0x1F07      	BTFSS      RC6_bit, BitPos(RC6_bit+0)
0x050B	0x2D43      	GOTO       L_main34
;RaceGame.c,137 :: 		Delay_ms(5);
0x050C	0x300D      	MOVLW      13
0x050D	0x00FC      	MOVWF      R12
0x050E	0x30FB      	MOVLW      251
0x050F	0x00FD      	MOVWF      R13
L_main35:
0x0510	0x0BFD      	DECFSZ     R13, 1
0x0511	0x2D10      	GOTO       L_main35
0x0512	0x0BFC      	DECFSZ     R12, 1
0x0513	0x2D10      	GOTO       L_main35
0x0514	0x0000      	NOP
0x0515	0x0000      	NOP
;RaceGame.c,139 :: 		if(RC6_bit == 1) {
0x0516	0x1F07      	BTFSS      RC6_bit, BitPos(RC6_bit+0)
0x0517	0x2D43      	GOTO       L_main36
;RaceGame.c,141 :: 		clr();
0x0518	0x21C3      	CALL       _clr
;RaceGame.c,143 :: 		c_left(&c_col);
0x0519	0x3020      	MOVLW      _c_col
0x051A	0x00ED      	MOVWF      FARG_c_left_num
0x051B	0x2169      	CALL       _c_left
;RaceGame.c,144 :: 		for( i = 0 ; i < MAX_EN ; i++)
0x051C	0x01E9      	CLRF       _i
0x051D	0x01EA      	CLRF       _i+1
L_main37:
0x051E	0x3080      	MOVLW      128
0x051F	0x066A      	XORWF      _i+1, 0
0x0520	0x00F0      	MOVWF      R0
0x0521	0x3080      	MOVLW      128
0x0522	0x0270      	SUBWF      R0, 0
0x0523	0x1D03      	BTFSS      STATUS, 2
0x0524	0x2D27      	GOTO       L__main57
0x0525	0x300A      	MOVLW      10
0x0526	0x0269      	SUBWF      _i, 0
L__main57:
0x0527	0x1803      	BTFSC      STATUS, 0
0x0528	0x2D43      	GOTO       L_main38
;RaceGame.c,145 :: 		pntEn(enemies[i].row,enemies[i].col);
0x0529	0x0869      	MOVF       _i, 0
0x052A	0x00F0      	MOVWF      R0
0x052B	0x086A      	MOVF       _i+1, 0
0x052C	0x00F1      	MOVWF      R0+1
0x052D	0x0DF0      	RLF        R0, 1
0x052E	0x0DF1      	RLF        R0+1, 1
0x052F	0x1070      	BCF        R0, 0
0x0530	0x0DF0      	RLF        R0, 1
0x0531	0x0DF1      	RLF        R0+1, 1
0x0532	0x1070      	BCF        R0, 0
0x0533	0x3040      	MOVLW      _enemies
0x0534	0x07F0      	ADDWF      R0, 1
0x0535	0x0870      	MOVF       R0, 0
0x0536	0x0084      	MOVWF      FSR
0x0537	0x0800      	MOVF       INDF, 0
0x0538	0x00ED      	MOVWF      FARG_pntEn_pos_row
0x0539	0x3002      	MOVLW      2
0x053A	0x0770      	ADDWF      R0, 0
0x053B	0x0084      	MOVWF      FSR
0x053C	0x0800      	MOVF       INDF, 0
0x053D	0x00EE      	MOVWF      FARG_pntEn_pos_char
0x053E	0x2232      	CALL       _pntEn
;RaceGame.c,144 :: 		for( i = 0 ; i < MAX_EN ; i++)
0x053F	0x0AE9      	INCF       _i, 1
0x0540	0x1903      	BTFSC      STATUS, 2
0x0541	0x0AEA      	INCF       _i+1, 1
;RaceGame.c,145 :: 		pntEn(enemies[i].row,enemies[i].col);
0x0542	0x2D1E      	GOTO       L_main37
L_main38:
;RaceGame.c,147 :: 		}
L_main36:
;RaceGame.c,148 :: 		}
L_main34:
;RaceGame.c,151 :: 		if(RC7_bit == 1 ){
0x0543	0x1F87      	BTFSS      RC7_bit, BitPos(RC7_bit+0)
0x0544	0x2D7C      	GOTO       L_main40
;RaceGame.c,153 :: 		Delay_ms(5);
0x0545	0x300D      	MOVLW      13
0x0546	0x00FC      	MOVWF      R12
0x0547	0x30FB      	MOVLW      251
0x0548	0x00FD      	MOVWF      R13
L_main41:
0x0549	0x0BFD      	DECFSZ     R13, 1
0x054A	0x2D49      	GOTO       L_main41
0x054B	0x0BFC      	DECFSZ     R12, 1
0x054C	0x2D49      	GOTO       L_main41
0x054D	0x0000      	NOP
0x054E	0x0000      	NOP
;RaceGame.c,155 :: 		if(RC7_bit == 1) {
0x054F	0x1F87      	BTFSS      RC7_bit, BitPos(RC7_bit+0)
0x0550	0x2D7C      	GOTO       L_main42
;RaceGame.c,157 :: 		clr();
0x0551	0x21C3      	CALL       _clr
;RaceGame.c,159 :: 		c_right(&c_col);
0x0552	0x3020      	MOVLW      _c_col
0x0553	0x00ED      	MOVWF      FARG_c_right_num
0x0554	0x2157      	CALL       _c_right
;RaceGame.c,160 :: 		for( i = 0 ; i < MAX_EN ; i++)
0x0555	0x01E9      	CLRF       _i
0x0556	0x01EA      	CLRF       _i+1
L_main43:
0x0557	0x3080      	MOVLW      128
0x0558	0x066A      	XORWF      _i+1, 0
0x0559	0x00F0      	MOVWF      R0
0x055A	0x3080      	MOVLW      128
0x055B	0x0270      	SUBWF      R0, 0
0x055C	0x1D03      	BTFSS      STATUS, 2
0x055D	0x2D60      	GOTO       L__main58
0x055E	0x300A      	MOVLW      10
0x055F	0x0269      	SUBWF      _i, 0
L__main58:
0x0560	0x1803      	BTFSC      STATUS, 0
0x0561	0x2D7C      	GOTO       L_main44
;RaceGame.c,161 :: 		pntEn(enemies[i].row,enemies[i].col);
0x0562	0x0869      	MOVF       _i, 0
0x0563	0x00F0      	MOVWF      R0
0x0564	0x086A      	MOVF       _i+1, 0
0x0565	0x00F1      	MOVWF      R0+1
0x0566	0x0DF0      	RLF        R0, 1
0x0567	0x0DF1      	RLF        R0+1, 1
0x0568	0x1070      	BCF        R0, 0
0x0569	0x0DF0      	RLF        R0, 1
0x056A	0x0DF1      	RLF        R0+1, 1
0x056B	0x1070      	BCF        R0, 0
0x056C	0x3040      	MOVLW      _enemies
0x056D	0x07F0      	ADDWF      R0, 1
0x056E	0x0870      	MOVF       R0, 0
0x056F	0x0084      	MOVWF      FSR
0x0570	0x0800      	MOVF       INDF, 0
0x0571	0x00ED      	MOVWF      FARG_pntEn_pos_row
0x0572	0x3002      	MOVLW      2
0x0573	0x0770      	ADDWF      R0, 0
0x0574	0x0084      	MOVWF      FSR
0x0575	0x0800      	MOVF       INDF, 0
0x0576	0x00EE      	MOVWF      FARG_pntEn_pos_char
0x0577	0x2232      	CALL       _pntEn
;RaceGame.c,160 :: 		for( i = 0 ; i < MAX_EN ; i++)
0x0578	0x0AE9      	INCF       _i, 1
0x0579	0x1903      	BTFSC      STATUS, 2
0x057A	0x0AEA      	INCF       _i+1, 1
;RaceGame.c,161 :: 		pntEn(enemies[i].row,enemies[i].col);
0x057B	0x2D57      	GOTO       L_main43
L_main44:
;RaceGame.c,163 :: 		}
L_main42:
;RaceGame.c,164 :: 		}
L_main40:
;RaceGame.c,166 :: 		counter++;
0x057C	0x0AEB      	INCF       _counter, 1
;RaceGame.c,167 :: 		Delay_ms(30);
0x057D	0x304E      	MOVLW      78
0x057E	0x00FC      	MOVWF      R12
0x057F	0x30EB      	MOVLW      235
0x0580	0x00FD      	MOVWF      R13
L_main46:
0x0581	0x0BFD      	DECFSZ     R13, 1
0x0582	0x2D81      	GOTO       L_main46
0x0583	0x0BFC      	DECFSZ     R12, 1
0x0584	0x2D81      	GOTO       L_main46
;RaceGame.c,169 :: 		}
0x0585	0x2B9C      	GOTO       L_main4
;RaceGame.c,171 :: 		}
L_end_main:
0x0586	0x2D86      	GOTO       $+0
; end of _main
0x05B4	0x3020      	MOVLW      32
0x05B5	0x0084      	MOVWF      FSR
0x05B6	0x3018      	MOVLW      24
0x05B7	0x1283      	BCF        STATUS, 5
0x05B8	0x1303      	BCF        STATUS, 6
0x05B9	0x00F0      	MOVWF      R0
0x05BA	0x308C      	MOVLW      140
0x05BB	0x00B8      	MOVWF      ___DoICPAddr
0x05BC	0x3005      	MOVLW      5
0x05BD	0x00B9      	MOVWF      57
0x05BE	0x2306      	CALL       774
0x05BF	0x0008      	RETURN
;core.c,0 :: ?ICS_c_col
0x058C	0x3401 ;?ICS_c_col+0
; end of ?ICS_c_col
;core.c,0 :: ?ICS_c_row
0x058D	0x3401 ;?ICS_c_row+0
; end of ?ICS_c_row
;RaceGame.c,0 :: ?ICS_endTxt
0x058E	0x3424 ;?ICS_endTxt+0
; end of ?ICS_endTxt
;RaceGame.c,0 :: ?ICS_beginTxt
0x058F	0x342E ;?ICS_beginTxt+0
; end of ?ICS_beginTxt
;RaceGame.c,0 :: ?ICS?lstr2_RaceGame
0x0590	0x3447 ;?ICS?lstr2_RaceGame+0
0x0591	0x3441 ;?ICS?lstr2_RaceGame+1
0x0592	0x344D ;?ICS?lstr2_RaceGame+2
0x0593	0x3445 ;?ICS?lstr2_RaceGame+3
0x0594	0x3420 ;?ICS?lstr2_RaceGame+4
0x0595	0x344F ;?ICS?lstr2_RaceGame+5
0x0596	0x3456 ;?ICS?lstr2_RaceGame+6
0x0597	0x3445 ;?ICS?lstr2_RaceGame+7
0x0598	0x3452 ;?ICS?lstr2_RaceGame+8
0x0599	0x3400 ;?ICS?lstr2_RaceGame+9
; end of ?ICS?lstr2_RaceGame
;RaceGame.c,0 :: ?ICS?lstr1_RaceGame
0x059A	0x3447 ;?ICS?lstr1_RaceGame+0
0x059B	0x3445 ;?ICS?lstr1_RaceGame+1
0x059C	0x3454 ;?ICS?lstr1_RaceGame+2
0x059D	0x3420 ;?ICS?lstr1_RaceGame+3
0x059E	0x3452 ;?ICS?lstr1_RaceGame+4
0x059F	0x3445 ;?ICS?lstr1_RaceGame+5
0x05A0	0x3441 ;?ICS?lstr1_RaceGame+6
0x05A1	0x3444 ;?ICS?lstr1_RaceGame+7
0x05A2	0x3459 ;?ICS?lstr1_RaceGame+8
0x05A3	0x3400 ;?ICS?lstr1_RaceGame+9
; end of ?ICS?lstr1_RaceGame
;enemy.c,4 :: _enImg
0x05A4	0x3405 ;_enImg+0
0x05A5	0x340F ;_enImg+1
0x05A6	0x3413 ;_enImg+2
0x05A7	0x3413 ;_enImg+3
0x05A8	0x3413 ;_enImg+4
0x05A9	0x3413 ;_enImg+5
0x05AA	0x340F ;_enImg+6
0x05AB	0x3405 ;_enImg+7
; end of _enImg
;core.c,6 :: _car
0x05AC	0x3400 ;_car+0
0x05AD	0x3412 ;_car+1
0x05AE	0x341F ;_car+2
0x05AF	0x341D ;_car+3
0x05B0	0x341D ;_car+4
0x05B1	0x341F ;_car+5
0x05B2	0x3412 ;_car+6
0x05B3	0x3400 ;_car+7
; end of _car
Symbol List:
//** Routines locations **
//ADDRESS    SIZE    PROCEDURE
//----------------------------------------------
0x0003      [13]    _Delay_5500us
0x0010       [7]    _Delay_50us
0x0017       [3]    _Delay_1us
0x001A      [87]    _Lcd_Cmd
0x0071      [56]    _Lcd_Chr
0x00A9       [9]    _Lcd_Chr_CP
0x00B2       [7]    _____DoICP
0x00B9      [55]    _Mul_32x32_U
0x00F0      [44]    _Div_16x16_S_L
0x011C      [14]    _srand
0x012A      [45]    _pntCr
0x0157      [18]    _c_right
0x0169      [18]    _c_left
0x017B      [72]    _Lcd_Out
0x01C3       [6]    _clr
0x01C9     [105]    _Div_16x16_S
0x0232      [44]    _pntEn
0x025E      [78]    _Lcd_Init
0x02AC      [72]    _rand
0x02F4      [18]    _c_up
0x0306      [12]    ___CC2DW
0x0312      [17]    _Div_8x8_U
0x0323      [18]    _c_down
0x0335     [593]    _main
//** Variables locations ** 
//ADDRESS    SIZE    VARIABLE
//----------------------------------------------
0x0000       [1]    INDF
0x0002       [1]    PCL
0x0003       [1]    STATUS
0x0004       [1]    FSR
0x0006       [0]    RB4_bit
0x0006       [0]    LCD_D6
0x0006       [0]    RB3_bit
0x0006       [0]    LCD_D7
0x0006       [0]    RB5_bit
0x0006       [0]    LCD_EN
0x0006       [0]    RB1_bit
0x0006       [0]    RB0_bit
0x0006       [0]    LCD_RS
0x0006       [0]    LCD_D4
0x0006       [0]    RB2_bit
0x0006       [0]    LCD_D5
0x0007       [0]    RC7_bit
0x0007       [0]    RC6_bit
0x0007       [0]    RC5_bit
0x0007       [0]    RC4_bit
0x000A       [1]    PCLATH
0x0020       [1]    _c_col
0x0021       [1]    _c_row
0x0022       [1]    _endTxt
0x0023       [1]    _beginTxt
0x0024      [10]    ?lstr2_RaceGame
0x002E      [10]    ?lstr1_RaceGame
0x0038       [2]    ___DoICPAddr
0x003A       [4]    __Lib_CStdlib_randx
0x003E       [0]    __Lib_Lcd_cmd_status
0x003F       [1]    __Lib_CStdlib_randf
0x0040      [40]    _enemies
0x0068       [1]    _valid
0x0069       [2]    _i
0x006B       [1]    _counter
0x006C       [1]    FLOC__main
0x006D       [1]    FARG_pntEn_pos_row
0x006D       [1]    FARG_c_left_num
0x006D       [1]    FARG_c_up_num
0x006D       [1]    FARG_c_down_num
0x006D       [1]    FARG_c_right_num
0x006D       [1]    FARG_Lcd_Out_row
0x006E       [1]    FARG_pntEn_pos_char
0x006E       [1]    FARG_Lcd_Out_column
0x006F       [1]    FARG_Lcd_Out_text
0x006F       [1]    pntEn_i_L0
0x0070       [1]    R0
0x0071       [1]    R1
0x0072       [1]    R2
0x0073       [1]    R3
0x0074       [1]    R4
0x0075       [1]    R5
0x0076       [1]    R6
0x0077       [1]    R7
0x0078       [1]    R8
0x0079       [1]    R9
0x007A       [1]    R10
0x007B       [1]    R11
0x007C       [1]    R12
0x007D       [1]    R13
0x007E       [1]    R14
0x007F       [1]    R15
0x0086       [0]    TRISB0_bit
0x0086       [0]    LCD_D6_Direction
0x0086       [0]    LCD_D7_Direction
0x0086       [0]    LCD_RS_Direction
0x0086       [0]    LCD_D4_Direction
0x0086       [0]    LCD_D5_Direction
0x0086       [0]    LCD_EN_Direction
0x0086       [0]    TRISB1_bit
0x0086       [0]    TRISB2_bit
0x0086       [0]    TRISB5_bit
0x0086       [0]    TRISB4_bit
0x0086       [0]    TRISB3_bit
0x0087       [1]    TRISC
0x00A0       [1]    Lcd_Out_i_L0
0x00A1       [2]    FARG_srand_x
0x00A1       [1]    pntCr_i_L0
0x00A3       [1]    FARG_Lcd_Chr_row
0x00A3       [1]    FARG_Lcd_Chr_CP_out_char
0x00A4       [1]    FARG_Lcd_Chr_column
0x00A5       [1]    FARG_Lcd_Chr_out_char
0x00A6       [1]    FARG_Lcd_Cmd_out_char
0x0107       [0]    C1ON_bit
0x0108       [0]    C2ON_bit
0x0188       [1]    ANSEL
0x0189       [1]    ANSELH
//** Constants locations ** 
//ADDRESS    SIZE    CONSTANT
//----------------------------------------------
0x058C       [1]    ?ICS_c_col
0x058D       [1]    ?ICS_c_row
0x058E       [1]    ?ICS_endTxt
0x058F       [1]    ?ICS_beginTxt
0x0590      [10]    ?ICS?lstr2_RaceGame
0x059A      [10]    ?ICS?lstr1_RaceGame
0x05A4       [8]    _enImg
0x05AC       [8]    _car
//** Label List: ** 
//----------------------------------------------
  L_pntCr0
  L_pntCr1
  L_pntCr2
  L_c_down3
  L_c_up4
  L_c_right5
  L_c_left6
  L_end_pntCr
  _pntCr
  L_end_clr
  _clr
  L_end_c_down
  _c_down
  L_end_c_up
  _c_up
  L_end_c_right
  _c_right
  L_end_c_left
  _c_left
  L_pntEn0
  L_pntEn1
  L_pntEn2
  L_end_pntEn
  _pntEn
  ___main_start
  L_main0
  L_main1
  L_main2
  L_main3
  L_main4
  L_main5
  L_main6
  L_main7
  L_main8
  L_main9
  L_main10
  L_main11
  L_main12
  L_main13
  L_main14
  L_main15
  L_main16
  L_main17
  L_main18
  L_main19
  L_main20
  L_main21
  L_main22
  L_main23
  L_main24
  L_main25
  L_main26
  L_main27
  L_main28
  L_main29
  L_main30
  L_main31
  L_main32
  L_main33
  L_main34
  L_main35
  L_main36
  L_main37
  L_main38
  L_main39
  L_main40
  L_main41
  L_main42
  L_main43
  L_main44
  L_main45
  L_main46
  L__main47
  L_end_main
  _main
  L__main49
  L__main50
  L__main51
  L__main52
  L__main53
  L__main54
  L__main55
  L__main56
  L__main57
  L__main58
  L_abs0
  L___Lib_CStdlib_strtod1
  L___Lib_CStdlib_strtod2
  L___Lib_CStdlib_strtod3
  L___Lib_CStdlib_strtod4
  L___Lib_CStdlib_strtod5
  L___Lib_CStdlib_strtod6
  L___Lib_CStdlib_strtod7
  L___Lib_CStdlib_strtod8
  L___Lib_CStdlib_strtod9
  L___Lib_CStdlib_strtod10
  L___Lib_CStdlib_strtod11
  L___Lib_CStdlib_strtod12
  L___Lib_CStdlib_strtod13
  L___Lib_CStdlib_strtod14
  L___Lib_CStdlib_strtod15
  L___Lib_CStdlib_strtod16
  L___Lib_CStdlib_strtod17
  L___Lib_CStdlib_strtod18
  L___Lib_CStdlib_strtod19
  L___Lib_CStdlib_strtod20
  L___Lib_CStdlib_strtod21
  L___Lib_CStdlib_strtod22
  L___Lib_CStdlib_strtod23
  L___Lib_CStdlib_strtod24
  L___Lib_CStdlib_strtod25
  L___Lib_CStdlib_strtod26
  L___Lib_CStdlib_strtod27
  L___Lib_CStdlib_strtod28
  L___Lib_CStdlib_strtod29
  L___Lib_CStdlib_strtod30
  L___Lib_CStdlib_strtod31
  L___Lib_CStdlib_strtod32
  L___Lib_CStdlib_strtod33
  L___Lib_CStdlib_strtod34
  L___Lib_CStdlib_strtod35
  L___Lib_CStdlib_strtod36
  L___Lib_CStdlib_strtod37
  L___Lib_CStdlib_strtod38
  L___Lib_CStdlib_strtod39
  L___Lib_CStdlib_strtod40
  L___Lib_CStdlib_strtod41
  L___Lib_CStdlib_strtod42
  L___Lib_CStdlib_strtod43
  L___Lib_CStdlib_strtod44
  L___Lib_CStdlib_strtod45
  L___Lib_CStdlib_strtod46
  L___Lib_CStdlib_strtod47
  L___Lib_CStdlib_strtod48
  L___Lib_CStdlib_strtod49
  L___Lib_CStdlib_strtod50
  L___Lib_CStdlib_strtod51
  L___Lib_CStdlib_strtod52
  ___atoi_skipws_atoi
  L_atoi53
  L_atoi54
  L_atoi55
  L_atoi56
  L_atoi57
  L_atoi58
  ___atoi_conv_atoi
  L_atoi59
  L_atoi60
  ___atol_skipws_atol
  L_atol61
  L_atol62
  L_atol63
  L_atol64
  L_atol65
  L_atol66
  ___atol_conv_atol
  L_atol67
  L_atol68
  L_div69
  L_ldiv70
  L_uldiv71
  L_labs72
  L_max73
  L_min74
  L_rand75
  L_xtoi76
  L_xtoi77
  L_xtoi78
  L_xtoi79
  L_xtoi80
  L_xtoi81
  L_xtoi82
  L_xtoi83
  L_xtoi84
  L_xtoi85
  L_xtoi86
  L___Lib_CStdlib_strtod87
  L___Lib_CStdlib_strtod88
  L___Lib_CStdlib_strtod89
  L__atoi90
  L__atol91
  L_end_abs
  _abs
  L__abs93
  L_end_strtod
  __Lib_CStdlib_strtod
  L___Lib_CStdlib_strtod95
  L___Lib_CStdlib_strtod96
  L_end_atof
  _atof
  L_end_atoi
  _atoi
  L__atoi99
  L__atoi100
  L__atoi101
  L__atoi102
  L_end_atol
  _atol
  L__atol104
  L__atol105
  L_end_div
  _div
  L_end_ldiv
  _ldiv
  L_end_uldiv
  _uldiv
  L_end_labs
  _labs
  L__labs110
  L_end_max
  _max
  L__max112
  L_end_min
  _min
  L__min114
  L_end_srand
  _srand
  L_end_rand
  _rand
  L_end_xtoi
  _xtoi
  L_Delay_10us0
  L_Delay_22us1
  L_Delay_50us2
  L_Delay_80us3
  L_Delay_500us4
  L_Delay_5500us5
  L_Delay_1ms6
  L_Delay_5ms7
  L_Delay_8ms8
  L_Delay_10ms9
  L_Delay_100ms10
  L_Delay_1sec11
  L_boot16_Delay_5ms12
  L_Delay_Cyc13
  L_Delay_Cyc14
  L_VDelay_ms15
  L_VDelay_ms16
  L_VDelay_ms17
  L_VDelay_Advanced_ms18
  L_VDelay_Advanced_ms19
  L_VDelay_Advanced_ms20
  L_end_Get_Fosc_kHz
  _Get_Fosc_kHz
  L_end_Delay_1us
  _Delay_1us
  L_end_Delay_10us
  _Delay_10us
  L_end_Delay_22us
  _Delay_22us
  L_end_Delay_50us
  _Delay_50us
  L_end_Delay_80us
  _Delay_80us
  L_end_Delay_500us
  _Delay_500us
  L_end_Delay_5500us
  _Delay_5500us
  L_end_Delay_1ms
  _Delay_1ms
  L_end_Delay_5ms
  _Delay_5ms
  L_end_Delay_8ms
  _Delay_8ms
  L_end_Delay_10ms
  _Delay_10ms
  L_end_Delay_100ms
  _Delay_100ms
  L_end_Delay_1sec
  _Delay_1sec
  L_end_boot16_Delay_5ms
  _boot16_Delay_5ms
  L_end_Delay_Cyc
  _Delay_Cyc
  L_end_VDelay_ms
  _VDelay_ms
  L__VDelay_ms38
  L__VDelay_ms39
  L__VDelay_ms40
  L_end_VDelay_Advanced_ms
  _VDelay_Advanced_ms
  L__VDelay_Advanced_ms42
  L__VDelay_Advanced_ms43
  L__VDelay_Advanced_ms44
  L_Lcd_Cmd0
  L_Lcd_Cmd1
  L_Lcd_Out_CP2
  L_Lcd_Out_CP3
  L_Lcd_Chr4
  L_Lcd_Chr5
  L_Lcd_Chr6
  L_Lcd_Chr7
  L_Lcd_Chr8
  L_Lcd_Chr9
  L_Lcd_Chr10
  L_Lcd_Out11
  L_Lcd_Out12
  L_Lcd_Out13
  L_Lcd_Out14
  L_Lcd_Out15
  L_Lcd_Out16
  L_Lcd_Out17
  L_Lcd_Out18
  L_Lcd_Out19
  L_end_Lcd_Cmd
  _Lcd_Cmd
  L__Lcd_Cmd21
  L__Lcd_Cmd22
  L__Lcd_Cmd23
  L__Lcd_Cmd24
  L__Lcd_Cmd25
  L__Lcd_Cmd26
  L__Lcd_Cmd27
  L__Lcd_Cmd28
  L__Lcd_Cmd29
  L__Lcd_Cmd30
  L__Lcd_Cmd31
  L__Lcd_Cmd32
  L__Lcd_Cmd33
  L__Lcd_Cmd34
  L__Lcd_Cmd35
  L__Lcd_Cmd36
  L__Lcd_Cmd37
  L__Lcd_Cmd38
  L__Lcd_Cmd39
  L__Lcd_Cmd40
  L_end_Lcd_Chr_CP
  _Lcd_Chr_CP
  L_end_Lcd_Out_CP
  _Lcd_Out_CP
  L_end_Lcd_Chr
  _Lcd_Chr
  L_end_Lcd_Init
  _Lcd_Init
  L_end_Lcd_Out
  _Lcd_Out
  L_Div_16x16_S0
  L_Div_16x16_S1
  LOOPS3232A
  SADD22LA
  SOK22LA
  SADD22L8
  SOK22L8
  LOOPS3232B
  SADD22LB
  SOK22LB
  SADD22L16
  SOK22L16
  LOOPS3232C
  SADD22LC
  SOK22LC
  SADD22L24
  SOK22L24
  LOOPS3232D
  SADD22LD
  SOK22LD
  SOK22L
  L_Div_32x32_S6
  L_Div_32x32_S7
  L_Div_32x32_S8
  L_Div_32x32_S9
  FXD3232S
  END_ALL
  CA3232S
  C3232SX
  C3232SX1
  C3232S
  C3232S2
  C3232SX4
  C3232SOK
  C3232SX3
  C3232SX2
  avoid_comfrem
  LOOPU3232A
  UADD22LA
  UOK22LA
  UADD22L8
  UOK22L8
  LOOPU3232B
  UADD22LB
  UOK22LB
  UADD22L16
  UOK22L16
  LOOPU3232C
  UADD22LC
  UOK22LC
  UADD22L24
  UOK22L24
  LOOPU3232D
  UADD22LD
  UOK22LD
  UOK22L
  _NEXT
  _EXIT2
  _LOOP
  _EXIT1
  _IF_FIRST
  _IF_SECOND
  _INVERCE_FIRST
  _MULT
  _INBERSE_SECOND
  _EXIT
  L_end_Mul_8x8_U
  _Mul_8x8_U
  L_end_Mul_16x16_U
  _Mul_16x16_U
  L_end_Div_8x8_U
  _Div_8x8_U
  L_end_Div_16x16_U
  _Div_16x16_U
  L_end_Mul_8x8_S
  _Mul_8x8_S
  L_end_Mul_16x16_S
  _Mul_16x16_S
  L_end_Div_16x16_S_L
  _Div_16x16_S_L
  L_end_Div_16x16_S
  _Div_16x16_S
  L_end_Div_8x8_S
  _Div_8x8_S
  L_end_SDIV3232L
  _SDIV3232L
  L_end_COMFREM
  _COMFREM
  L_end_Div_32x32_S
  _Div_32x32_S
  L_end_Div_32x32_U
  _Div_32x32_U
  L_end_Mul_32x32_U
  _Mul_32x32_U
  L_end_Mul_32x32_S
  _Mul_32x32_S
  L_loopCA2AWs
  L_CA2AWend
  _CCA2AW_Loop1
  L_loopCS2Ss
  L_CS2Send
  _CCS2S_Loop1
  L_CCS2Send
  L_loopFZinSWs
  L_FZinSend
  _CC2D_Loop1
  L_end_____DoICP
  _____DoICP
  L_end_____DoIFC
  _____DoIFC
  L_end___CA2AW
  ___CA2AW
  L_end___CCA2AW
  ___CCA2AW
  L_end___CS2S
  ___CS2S
  L_end___CCS2S
  ___CCS2S
  L_end___FZinS
  ___FZinS
  L_end___CC2DW
  ___CC2DW
  L_end_Swap
  _Swap
